[2015-02-26 11:34:45.411] [INFO] yahoo - Starting NodeTradeSim...
[2015-02-26 11:34:45.415] [INFO] yahoo - Written by John Placais, (C) 2015 - More than All Rights Reserved.
[2015-02-26 11:34:45.469] [DEBUG] yahoo - Partials directory: C:\CodeTest\NodeTradeSim\Website\Partials
[2015-02-26 11:34:45.470] [DEBUG] yahoo - Views directory: C:\CodeTest\NodeTradeSim\Website\Views
[2015-02-26 11:34:45.470] [DEBUG] yahoo - look for controllers: C:\CodeTest\NodeTradeSim\Website\Controllers
[2015-02-26 11:34:45.471] [INFO] yahoo - Loading DataTickerListController.js
[2015-02-26 11:34:45.471] [DEBUG] yahoo - Controller path: ./Website/Controllers/DataTickerListController.js
[2015-02-26 11:34:45.479] [INFO] yahoo - Registering Controller: Data/TickerList
[2015-02-26 11:34:45.480] [INFO] yahoo - Loading DataTickerLookupController.js
[2015-02-26 11:34:45.480] [DEBUG] yahoo - Controller path: ./Website/Controllers/DataTickerLookupController.js
[2015-02-26 11:34:45.648] [INFO] yahoo - Registering Controller: Data/TickerLookup
[2015-02-26 11:34:45.648] [INFO] yahoo - Loading DataTickerPriceController.js
[2015-02-26 11:34:45.649] [DEBUG] yahoo - Controller path: ./Website/Controllers/DataTickerPriceController.js
[2015-02-26 11:34:45.651] [INFO] yahoo - Registering Controller: Data/TickerPrice
[2015-02-26 11:34:45.651] [INFO] yahoo - Loading HomeController.js
[2015-02-26 11:34:45.651] [DEBUG] yahoo - Controller path: ./Website/Controllers/HomeController.js
[2015-02-26 11:34:45.652] [INFO] yahoo - Registering Controller: Home
[2015-02-26 11:34:45.653] [INFO] yahoo - Loading TickerListAddController.js
[2015-02-26 11:34:45.653] [DEBUG] yahoo - Controller path: ./Website/Controllers/TickerListAddController.js
[2015-02-26 11:34:45.654] [INFO] yahoo - Registering Controller: TickerListAdd
[2015-02-26 11:34:45.655] [INFO] yahoo - Loading TickerListController.js
[2015-02-26 11:34:45.655] [DEBUG] yahoo - Controller path: ./Website/Controllers/TickerListController.js
[2015-02-26 11:34:45.656] [INFO] yahoo - Registering Controller: TickerList
[2015-02-26 11:34:45.703] [INFO] yahoo - tickerlist Database exists.
[2015-02-26 11:34:45.707] [INFO] yahoo - tickerlist Database exists.
[2015-02-26 11:34:45.751] [INFO] yahoo - tickerlist Database exists.
[2015-02-26 11:34:55.833] [DEBUG] yahoo - Request: /Data/TickerPrice?ticker=AXP&startDate=1/1/2014&endDate=2/1/2014
[2015-02-26 11:34:55.834] [DEBUG] yahoo - JSON GET REQUEST:  /Data/TickerPrice?ticker=AXP&startDate=1/1/2014&endDate=2/1/2014
[2015-02-26 11:34:55.835] [INFO] yahoo - Controller: Getting ticker price for AXP
[2015-02-26 11:34:55.835] [DEBUG] yahoo - pos = -1
[2015-02-26 11:34:55.835] [INFO] yahoo - Getting prices for AXP from 2014-01-01 to 2014-02-01
[2015-02-26 11:34:55.836] [DEBUG] yahoo - YQL Query: SELECT * from yahoo.finance.historicaldata where symbol = "AXP" and startDate = "2014-01-01" and endDate = "2014-02-01"
[2015-02-26 11:34:56.686] [DEBUG] yahoo - YQLP Resp:  { quote: 
   [ { Symbol: 'AXP',
       Date: '2014-01-31',
       Open: '85.28',
       High: '85.91',
       Low: '84.91',
       Close: '85.02',
       Volume: '4778000',
       Adj_Close: '84.07' },
     { Symbol: 'AXP',
       Date: '2014-01-30',
       Open: '86.45',
       High: '86.98',
       Low: '86.07',
       Close: '86.62',
       Volume: '4259000',
       Adj_Close: '85.66' },
     { Symbol: 'AXP',
       Date: '2014-01-29',
       Open: '86.29',
       High: '86.90',
       Low: '85.43',
       Close: '85.55',
       Volume: '3357900',
       Adj_Close: '84.60' },
     { Symbol: 'AXP',
       Date: '2014-01-28',
       Open: '85.85',
       High: '87.18',
       Low: '85.60',
       Close: '86.64',
       Volume: '4108700',
       Adj_Close: '85.68' },
     { Symbol: 'AXP',
       Date: '2014-01-27',
       Open: '87.15',
       High: '87.77',
       Low: '85.71',
       Close: '85.72',
       Volume: '5651400',
       Adj_Close: '84.77' },
     { Symbol: 'AXP',
       Date: '2014-01-24',
       Open: '88.56',
       High: '89.37',
       Low: '86.66',
       Close: '86.95',
       Volume: '6289300',
       Adj_Close: '85.98' },
     { Symbol: 'AXP',
       Date: '2014-01-23',
       Open: '90.49',
       High: '90.49',
       Low: '88.68',
       Close: '89.17',
       Volume: '5260900',
       Adj_Close: '88.18' },
     { Symbol: 'AXP',
       Date: '2014-01-22',
       Open: '90.64',
       High: '91.42',
       Low: '90.62',
       Close: '91.13',
       Volume: '3848700',
       Adj_Close: '90.12' },
     { Symbol: 'AXP',
       Date: '2014-01-21',
       Open: '91.97',
       High: '92.71',
       Low: '89.64',
       Close: '90.59',
       Volume: '7954600',
       Adj_Close: '89.58' },
     { Symbol: 'AXP',
       Date: '2014-01-17',
       Open: '91.83',
       High: '93.62',
       Low: '90.55',
       Close: '90.97',
       Volume: '14989900',
       Adj_Close: '89.96' },
     { Symbol: 'AXP',
       Date: '2014-01-16',
       Open: '88.00',
       High: '88.24',
       Low: '87.26',
       Close: '87.78',
       Volume: '3326100',
       Adj_Close: '86.80' },
     { Symbol: 'AXP',
       Date: '2014-01-15',
       Open: '87.46',
       High: '88.53',
       Low: '87.08',
       Close: '88.25',
       Volume: '4494900',
       Adj_Close: '87.27' },
     { Symbol: 'AXP',
       Date: '2014-01-14',
       Open: '87.08',
       High: '87.45',
       Low: '86.07',
       Close: '87.12',
       Volume: '4777900',
       Adj_Close: '86.15' },
     { Symbol: 'AXP',
       Date: '2014-01-13',
       Open: '88.52',
       High: '89.00',
       Low: '86.88',
       Close: '86.99',
       Volume: '5641000',
       Adj_Close: '86.02' },
     { Symbol: 'AXP',
       Date: '2014-01-10',
       Open: '89.26',
       High: '89.56',
       Low: '88.10',
       Close: '88.55',
       Volume: '2901600',
       Adj_Close: '87.56' },
     { Symbol: 'AXP',
       Date: '2014-01-09',
       Open: '89.89',
       High: '89.93',
       Low: '88.07',
       Close: '88.88',
       Volume: '3469200',
       Adj_Close: '87.89' },
     { Symbol: 'AXP',
       Date: '2014-01-08',
       Open: '88.66',
       High: '89.64',
       Low: '88.66',
       Close: '89.41',
       Volume: '3880200',
       Adj_Close: '88.41' },
     { Symbol: 'AXP',
       Date: '2014-01-07',
       Open: '90.17',
       High: '90.70',
       Low: '89.01',
       Close: '89.36',
       Volume: '4039500',
       Adj_Close: '88.14' },
     { Symbol: 'AXP',
       Date: '2014-01-06',
       Open: '89.70',
       High: '90.25',
       Low: '89.38',
       Close: '89.70',
       Volume: '2844700',
       Adj_Close: '88.47' },
     { Symbol: 'AXP',
       Date: '2014-01-03',
       Open: '89.15',
       High: '90.08',
       Low: '88.63',
       Close: '89.74',
       Volume: '3888500',
       Adj_Close: '88.51' },
     { Symbol: 'AXP',
       Date: '2014-01-02',
       Open: '90.90',
       High: '91.08',
       Low: '89.38',
       Close: '89.45',
       Volume: '5112000',
       Adj_Close: '88.23' } ] }
[2015-02-26 11:38:51.902] [INFO] yahoo - Starting NodeTradeSim...
[2015-02-26 11:38:51.906] [INFO] yahoo - Written by John Placais, (C) 2015 - More than All Rights Reserved.
[2015-02-26 11:38:51.968] [DEBUG] yahoo - Partials directory: C:\CodeTest\NodeTradeSim\Website\Partials
[2015-02-26 11:38:51.969] [DEBUG] yahoo - Views directory: C:\CodeTest\NodeTradeSim\Website\Views
[2015-02-26 11:38:51.969] [DEBUG] yahoo - look for controllers: C:\CodeTest\NodeTradeSim\Website\Controllers
[2015-02-26 11:38:51.970] [INFO] yahoo - Loading DataTickerListController.js
[2015-02-26 11:38:51.970] [DEBUG] yahoo - Controller path: ./Website/Controllers/DataTickerListController.js
[2015-02-26 11:38:51.978] [INFO] yahoo - Registering Controller: Data/TickerList
[2015-02-26 11:38:51.979] [INFO] yahoo - Loading DataTickerLookupController.js
[2015-02-26 11:38:51.979] [DEBUG] yahoo - Controller path: ./Website/Controllers/DataTickerLookupController.js
[2015-02-26 11:38:52.146] [INFO] yahoo - Registering Controller: Data/TickerLookup
[2015-02-26 11:38:52.147] [INFO] yahoo - Loading DataTickerPriceController.js
[2015-02-26 11:38:52.147] [DEBUG] yahoo - Controller path: ./Website/Controllers/DataTickerPriceController.js
[2015-02-26 11:38:52.149] [INFO] yahoo - Registering Controller: Data/TickerPrice
[2015-02-26 11:38:52.150] [INFO] yahoo - Loading HomeController.js
[2015-02-26 11:38:52.150] [DEBUG] yahoo - Controller path: ./Website/Controllers/HomeController.js
[2015-02-26 11:38:52.151] [INFO] yahoo - Registering Controller: Home
[2015-02-26 11:38:52.152] [INFO] yahoo - Loading TickerListAddController.js
[2015-02-26 11:38:52.152] [DEBUG] yahoo - Controller path: ./Website/Controllers/TickerListAddController.js
[2015-02-26 11:38:52.153] [INFO] yahoo - Registering Controller: TickerListAdd
[2015-02-26 11:38:52.153] [INFO] yahoo - Loading TickerListController.js
[2015-02-26 11:38:52.153] [DEBUG] yahoo - Controller path: ./Website/Controllers/TickerListController.js
[2015-02-26 11:38:52.155] [INFO] yahoo - Registering Controller: TickerList
[2015-02-26 11:38:52.187] [DEBUG] yahoo - Request: /Data/TickerPrice?ticker=AAPL&startDate=5/1/2014&endDate=8/1/2014
[2015-02-26 11:38:52.187] [DEBUG] yahoo - JSON GET REQUEST:  /Data/TickerPrice?ticker=AAPL&startDate=5/1/2014&endDate=8/1/2014
[2015-02-26 11:38:52.188] [INFO] yahoo - Controller: Getting ticker price for AAPL
[2015-02-26 11:38:52.189] [DEBUG] yahoo - pos = -1
[2015-02-26 11:38:52.189] [INFO] yahoo - Getting prices for AAPL from 2014-05-01 to 2014-08-01
[2015-02-26 11:38:52.189] [DEBUG] yahoo - YQL Query: SELECT * from yahoo.finance.historicaldata where symbol = "AAPL" and startDate = "2014-05-01" and endDate = "2014-08-01"
[2015-02-26 11:38:52.203] [INFO] yahoo - tickerlist Database exists.
[2015-02-26 11:38:52.205] [INFO] yahoo - tickerlist Database exists.
[2015-02-26 11:38:52.252] [INFO] yahoo - tickerlist Database exists.
[2015-02-26 11:57:21.523] [DEBUG] yahoo - Request: /Data/TickerPrice?ticker=AAPL&startDate=11/1/2014&endDate=2/20/2015
[2015-02-26 11:57:21.524] [DEBUG] yahoo - JSON GET REQUEST:  /Data/TickerPrice?ticker=AAPL&startDate=11/1/2014&endDate=2/20/2015
[2015-02-26 11:57:21.524] [INFO] yahoo - Controller: Getting ticker price for AAPL
[2015-02-26 11:57:21.525] [DEBUG] yahoo - pos = -1
[2015-02-26 11:57:21.525] [INFO] yahoo - Getting prices for AAPL from 2014-11-01 to 2015-02-20
[2015-02-26 11:57:21.525] [DEBUG] yahoo - YQL Query: SELECT * from yahoo.finance.historicaldata where symbol = "AAPL" and startDate = "2014-11-01" and endDate = "2015-02-20"
[2015-02-26 12:12:31.833] [DEBUG] yahoo - Request: /Data/TickerPrice?ticker=AAPL&startDate=5/1/2014&endDate=2/20/2015
[2015-02-26 12:12:31.834] [DEBUG] yahoo - JSON GET REQUEST:  /Data/TickerPrice?ticker=AAPL&startDate=5/1/2014&endDate=2/20/2015
[2015-02-26 12:12:31.834] [INFO] yahoo - Controller: Getting ticker price for AAPL
[2015-02-26 12:12:31.835] [DEBUG] yahoo - pos = -1
[2015-02-26 12:12:31.835] [INFO] yahoo - Getting prices for AAPL from 2014-05-01 to 2015-02-20
[2015-02-26 12:12:31.836] [DEBUG] yahoo - YQL Query: SELECT * from yahoo.finance.historicaldata where symbol = "AAPL" and startDate = "2014-05-01" and endDate = "2015-02-20"
[2015-02-27 14:42:00.230] [INFO] yahoo - Starting NodeTradeSim...
[2015-02-27 14:42:00.233] [INFO] yahoo - Written by John Placais, (C) 2015 - More than All Rights Reserved.
[2015-02-27 14:42:00.304] [DEBUG] yahoo - Partials directory: C:\CodeTest\NodeTradeSim\Website\Partials
[2015-02-27 14:42:00.304] [DEBUG] yahoo - Views directory: C:\CodeTest\NodeTradeSim\Website\Views
[2015-02-27 14:42:00.305] [DEBUG] yahoo - look for controllers: C:\CodeTest\NodeTradeSim\Website\Controllers
[2015-02-27 14:42:00.305] [INFO] yahoo - Loading DataTickerListController.js
[2015-02-27 14:42:00.306] [DEBUG] yahoo - Controller path: ./Website/Controllers/DataTickerListController.js
[2015-02-27 14:42:00.315] [INFO] yahoo - Registering Controller: Data/TickerList
[2015-02-27 14:42:00.316] [INFO] yahoo - Loading DataTickerLookupController.js
[2015-02-27 14:42:00.316] [DEBUG] yahoo - Controller path: ./Website/Controllers/DataTickerLookupController.js
[2015-02-27 14:42:00.527] [INFO] yahoo - Registering Controller: Data/TickerLookup
[2015-02-27 14:42:00.528] [INFO] yahoo - Loading DataTickerPriceController.js
[2015-02-27 14:42:00.528] [DEBUG] yahoo - Controller path: ./Website/Controllers/DataTickerPriceController.js
[2015-02-27 14:42:00.530] [INFO] yahoo - Registering Controller: Data/TickerPrice
[2015-02-27 14:42:00.531] [INFO] yahoo - Loading HomeController.js
[2015-02-27 14:42:00.531] [DEBUG] yahoo - Controller path: ./Website/Controllers/HomeController.js
[2015-02-27 14:42:00.533] [INFO] yahoo - Registering Controller: Home
[2015-02-27 14:42:00.533] [INFO] yahoo - Loading TickerListAddController.js
[2015-02-27 14:42:00.533] [DEBUG] yahoo - Controller path: ./Website/Controllers/TickerListAddController.js
[2015-02-27 14:42:00.535] [INFO] yahoo - Registering Controller: TickerListAdd
[2015-02-27 14:42:00.535] [INFO] yahoo - Loading TickerListController.js
[2015-02-27 14:42:00.536] [DEBUG] yahoo - Controller path: ./Website/Controllers/TickerListController.js
[2015-02-27 14:42:00.537] [INFO] yahoo - Registering Controller: TickerList
[2015-02-27 14:42:00.588] [INFO] yahoo - tickerlist Database exists.
[2015-02-27 14:42:00.590] [INFO] yahoo - tickerlist Database exists.
[2015-02-27 14:42:00.591] [INFO] yahoo - tickerlist Database exists.
[2015-02-27 14:42:05.339] [DEBUG] yahoo - Request: /
[2015-02-27 14:42:05.340] [DEBUG] yahoo - BuildPath: C:\CodeTest\NodeTradeSim\Website\Views\HomeView
[2015-02-27 14:42:05.360] [DEBUG] yahoo - Request: /CSS/bootstrap.css
[2015-02-27 14:42:05.362] [DEBUG] yahoo - Request: /CSS/site.css
[2015-02-27 14:42:05.363] [DEBUG] yahoo - Request: /Scripts/require.js
[2015-02-27 14:42:05.442] [DEBUG] yahoo - Request: /favicon.ico
[2015-02-27 14:42:05.668] [DEBUG] yahoo - Request: /ViewScripts/Home.js
[2015-02-27 14:42:06.147] [DEBUG] yahoo - Request: /Scripts/RequireConfig.js
[2015-02-27 14:42:06.162] [DEBUG] yahoo - Request: /Scripts/jquery-1.10.2.js
[2015-02-27 14:42:19.341] [DEBUG] yahoo - Request: /Strategies
[2015-02-27 14:42:19.342] [WARN] yahoo - unhandled: /Strategies
[2015-02-27 15:52:23.011] [INFO] yahoo - Starting NodeTradeSim...
[2015-02-27 15:52:23.015] [INFO] yahoo - Written by John Placais, (C) 2015 - More than All Rights Reserved.
[2015-02-27 15:52:23.077] [DEBUG] yahoo - Partials directory: C:\CodeTest\NodeTradeSim\Website\Partials
[2015-02-27 15:52:23.078] [DEBUG] yahoo - Views directory: C:\CodeTest\NodeTradeSim\Website\Views
[2015-02-27 15:52:23.078] [DEBUG] yahoo - look for controllers: C:\CodeTest\NodeTradeSim\Website\Controllers
[2015-02-27 15:52:23.079] [INFO] yahoo - Loading DataTickerListController.js
[2015-02-27 15:52:23.079] [DEBUG] yahoo - Controller path: ./Website/Controllers/DataTickerListController.js
[2015-02-27 15:52:23.087] [INFO] yahoo - Registering Controller: Data/TickerList
[2015-02-27 15:52:23.088] [INFO] yahoo - Loading DataTickerLookupController.js
[2015-02-27 15:52:23.088] [DEBUG] yahoo - Controller path: ./Website/Controllers/DataTickerLookupController.js
[2015-02-27 15:52:23.252] [INFO] yahoo - Registering Controller: Data/TickerLookup
[2015-02-27 15:52:23.253] [INFO] yahoo - Loading DataTickerPriceController.js
[2015-02-27 15:52:23.253] [DEBUG] yahoo - Controller path: ./Website/Controllers/DataTickerPriceController.js
[2015-02-27 15:52:23.255] [INFO] yahoo - Registering Controller: Data/TickerPrice
[2015-02-27 15:52:23.255] [INFO] yahoo - Loading HomeController.js
[2015-02-27 15:52:23.255] [DEBUG] yahoo - Controller path: ./Website/Controllers/HomeController.js
[2015-02-27 15:52:23.256] [INFO] yahoo - Registering Controller: Home
[2015-02-27 15:52:23.257] [INFO] yahoo - Loading StrategiesController.js
[2015-02-27 15:52:23.257] [DEBUG] yahoo - Controller path: ./Website/Controllers/StrategiesController.js
[2015-02-27 15:52:23.260] [INFO] yahoo - Registering Controller: Strategies
[2015-02-27 15:52:23.260] [INFO] yahoo - Loading TickerListAddController.js
[2015-02-27 15:52:23.261] [DEBUG] yahoo - Controller path: ./Website/Controllers/TickerListAddController.js
[2015-02-27 15:52:23.262] [INFO] yahoo - Registering Controller: TickerListAdd
[2015-02-27 15:52:23.262] [INFO] yahoo - Loading TickerListController.js
[2015-02-27 15:52:23.262] [DEBUG] yahoo - Controller path: ./Website/Controllers/TickerListController.js
[2015-02-27 15:52:23.263] [INFO] yahoo - Registering Controller: TickerList
[2015-02-27 15:52:23.311] [INFO] yahoo - tickerlist Database exists.
[2015-02-27 15:52:23.326] [INFO] yahoo - tickerlist Database exists.
[2015-02-27 15:52:23.399] [INFO] yahoo - tickerlist Database exists.
[2015-02-27 15:52:29.746] [DEBUG] yahoo - Request: /
[2015-02-27 15:52:29.747] [DEBUG] yahoo - BuildPath: C:\CodeTest\NodeTradeSim\Website\Views\HomeView
[2015-02-27 15:52:29.765] [DEBUG] yahoo - Request: /CSS/bootstrap.css
[2015-02-27 15:52:29.767] [DEBUG] yahoo - Request: /CSS/site.css
[2015-02-27 15:52:29.768] [DEBUG] yahoo - Request: /Scripts/require.js
[2015-02-27 15:52:30.232] [DEBUG] yahoo - Request: /ViewScripts/Home.js
[2015-02-27 15:52:30.242] [DEBUG] yahoo - Request: /Scripts/RequireConfig.js
[2015-02-27 15:52:30.256] [DEBUG] yahoo - Request: /Scripts/jquery-1.10.2.js
[2015-02-27 15:52:31.812] [DEBUG] yahoo - Request: /TickerList
[2015-02-27 15:52:31.814] [DEBUG] yahoo - BuildPath: C:\CodeTest\NodeTradeSim\Website\Views\TickerListView
[2015-02-27 15:52:31.826] [DEBUG] yahoo - Request: /CSS/bootstrap.css
[2015-02-27 15:52:31.827] [DEBUG] yahoo - Request: /CSS/site.css
[2015-02-27 15:52:31.828] [DEBUG] yahoo - Request: /Scripts/require.js
[2015-02-27 15:52:31.848] [DEBUG] yahoo - Request: /ViewScripts/TickerListManager.js
[2015-02-27 15:52:31.900] [DEBUG] yahoo - Request: /Scripts/RequireConfig.js
[2015-02-27 15:52:31.923] [DEBUG] yahoo - Request: /ViewModels/TickerListViewModel.js
[2015-02-27 15:52:31.927] [DEBUG] yahoo - Request: /Scripts/jquery-1.10.2.js
[2015-02-27 15:52:31.929] [DEBUG] yahoo - Request: /Scripts/knockout.validation.js
[2015-02-27 15:52:31.930] [DEBUG] yahoo - Request: /ViewModels/Shared.js
[2015-02-27 15:52:31.950] [DEBUG] yahoo - Request: /Scripts/knockout-3.0.0.js
[2015-02-27 15:52:31.977] [DEBUG] yahoo - Request: /Data/TickerList
[2015-02-27 15:52:32.086] [INFO] yahoo - Logging all lists from cradle
 [ { id: 'cheese',
    key: 'cheese',
    value: { rev: '3-24f1b555c976a1c2009c4d2e33c8eb75' } },
  { id: 'goog',
    key: 'goog',
    value: { rev: '1-6e15e54e224d9a315388e7658a16f186' } },
  { id: 'temp',
    key: 'temp',
    value: { rev: '1-80452857c87064a44c11a1275415ab88' } },
  { id: 'test',
    key: 'test',
    value: { rev: '1-df92db63f5febf71b471852cf4cb6d00' } } ]
[2015-02-27 15:52:33.063] [DEBUG] yahoo - Request: /TickerListAdd
[2015-02-27 15:52:33.065] [DEBUG] yahoo - BuildPath: C:\CodeTest\NodeTradeSim\Website\Views\TickerListAddView
[2015-02-27 15:52:33.091] [DEBUG] yahoo - Request: /CSS/bootstrap.css
[2015-02-27 15:52:33.092] [DEBUG] yahoo - Request: /CSS/site.css
[2015-02-27 15:52:33.093] [DEBUG] yahoo - Request: /Scripts/require.js
[2015-02-27 15:52:33.108] [DEBUG] yahoo - Request: /ViewScripts/TickerListManager.js
[2015-02-27 15:52:33.160] [DEBUG] yahoo - Request: /Scripts/RequireConfig.js
[2015-02-27 15:52:33.172] [DEBUG] yahoo - Request: /ViewModels/TickerListViewModel.js
[2015-02-27 15:52:33.176] [DEBUG] yahoo - Request: /Scripts/jquery-1.10.2.js
[2015-02-27 15:52:33.187] [DEBUG] yahoo - Request: /Scripts/knockout.validation.js
[2015-02-27 15:52:33.188] [DEBUG] yahoo - Request: /ViewModels/Shared.js
[2015-02-27 15:52:33.196] [DEBUG] yahoo - Request: /Scripts/knockout-3.0.0.js
[2015-02-27 15:52:33.220] [DEBUG] yahoo - Request: /Data/TickerList
[2015-02-27 15:52:33.404] [INFO] yahoo - Logging all lists from cradle
 [ { id: 'cheese',
    key: 'cheese',
    value: { rev: '3-24f1b555c976a1c2009c4d2e33c8eb75' } },
  { id: 'goog',
    key: 'goog',
    value: { rev: '1-6e15e54e224d9a315388e7658a16f186' } },
  { id: 'temp',
    key: 'temp',
    value: { rev: '1-80452857c87064a44c11a1275415ab88' } },
  { id: 'test',
    key: 'test',
    value: { rev: '1-df92db63f5febf71b471852cf4cb6d00' } } ]
[2015-02-27 15:52:39.397] [DEBUG] yahoo - Request: /Data/TickerLookup?ticker=nov
[2015-02-27 15:52:39.397] [DEBUG] yahoo - JSON GET REQUEST:  /Data/TickerLookup?ticker=nov
[2015-02-27 15:52:39.398] [INFO] yahoo - Getting ticker info for nov
[2015-02-27 15:52:39.399] [DEBUG] yahoo - pos = -1
[2015-02-27 15:52:39.400] [INFO] yahoo - Getting ticker info for NOV
[2015-02-27 15:52:39.541] [DEBUG] yahoo - YQLP Resp:  { LastTradePriceOnly: '54.38',
  Name: 'National Oilwell',
  Symbol: 'NOV',
  StockExchange: 'NYSE' }
[2015-02-27 15:52:39.574] [DEBUG] yahoo - Request: /Images/checkmark.gif
[2015-02-27 15:52:41.809] [DEBUG] yahoo - Request: /Data/TickerLookup?ticker=s
[2015-02-27 15:52:41.810] [DEBUG] yahoo - JSON GET REQUEST:  /Data/TickerLookup?ticker=s
[2015-02-27 15:52:41.810] [INFO] yahoo - Getting ticker info for s
[2015-02-27 15:52:41.811] [DEBUG] yahoo - pos = -1
[2015-02-27 15:52:41.812] [INFO] yahoo - Getting ticker info for S
[2015-02-27 15:52:41.931] [DEBUG] yahoo - YQLP Resp:  { LastTradePriceOnly: '5.12',
  Name: 'Sprint Corporatio',
  Symbol: 'S',
  StockExchange: 'NYSE' }
[2015-02-27 15:52:44.866] [DEBUG] yahoo - Request: /Data/TickerLookup?ticker=W
[2015-02-27 15:52:44.866] [DEBUG] yahoo - JSON GET REQUEST:  /Data/TickerLookup?ticker=W
[2015-02-27 15:52:44.867] [INFO] yahoo - Getting ticker info for W
[2015-02-27 15:52:44.867] [DEBUG] yahoo - pos = -1
[2015-02-27 15:52:44.868] [INFO] yahoo - Getting ticker info for W
[2015-02-27 15:52:45.184] [DEBUG] yahoo - YQLP Resp:  { LastTradePriceOnly: '23.91',
  Name: 'Wayfair Inc. Clas',
  Symbol: 'W',
  StockExchange: 'NYSE' }
[2015-02-27 15:52:57.682] [DEBUG] yahoo - Request: /Data/TickerLookup?ticker=A
[2015-02-27 15:52:57.683] [DEBUG] yahoo - JSON GET REQUEST:  /Data/TickerLookup?ticker=A
[2015-02-27 15:52:57.684] [INFO] yahoo - Getting ticker info for A
[2015-02-27 15:52:57.684] [DEBUG] yahoo - pos = -1
[2015-02-27 15:52:57.685] [INFO] yahoo - Getting ticker info for A
[2015-02-27 15:52:57.854] [DEBUG] yahoo - YQLP Resp:  { LastTradePriceOnly: '42.235',
  Name: 'Agilent Technolog',
  Symbol: 'A',
  StockExchange: 'NYSE' }
[2015-02-27 15:52:59.609] [DEBUG] yahoo - Request: /Data/TickerList
[2015-02-27 15:52:59.609] [INFO] yahoo - Received POST --> { ListName: 'temp2',
  ListOfTickers: 
   [ { ticker: 'NOV',
       tickerdescription: 'National Oilwell',
       weight: 100,
       valid: true,
       newRow: false },
     { ticker: 'W',
       tickerdescription: 'Wayfair Inc. Clas',
       weight: 100,
       valid: true,
       newRow: false },
     { ticker: 'A',
       tickerdescription: 'Agilent Technolog',
       weight: 100,
       valid: true,
       newRow: false } ],
  id: 'temp2' }
[2015-02-27 15:52:59.613] [DEBUG] yahoo - Request: /Data/TickerLookup?ticker=NOV
[2015-02-27 15:52:59.614] [DEBUG] yahoo - JSON GET REQUEST:  /Data/TickerLookup?ticker=NOV
[2015-02-27 15:52:59.616] [INFO] yahoo - Getting ticker info for NOV
[2015-02-27 15:52:59.617] [DEBUG] yahoo - pos = -1
[2015-02-27 15:52:59.619] [INFO] yahoo - Getting ticker info for NOV
[2015-02-27 15:52:59.715] [DEBUG] yahoo - YQLP Resp:  { LastTradePriceOnly: '54.38',
  Name: 'National Oilwell',
  Symbol: 'NOV',
  StockExchange: 'NYSE' }
[2015-02-27 15:53:05.966] [DEBUG] yahoo - Request: /TickerList
[2015-02-27 15:53:05.966] [DEBUG] yahoo - BuildPath: C:\CodeTest\NodeTradeSim\Website\Views\TickerListView
[2015-02-27 15:53:05.975] [DEBUG] yahoo - Request: /CSS/bootstrap.css
[2015-02-27 15:53:05.976] [DEBUG] yahoo - Request: /CSS/site.css
[2015-02-27 15:53:05.977] [DEBUG] yahoo - Request: /Scripts/require.js
[2015-02-27 15:53:06.021] [DEBUG] yahoo - Request: /ViewScripts/TickerListManager.js
[2015-02-27 15:53:06.052] [DEBUG] yahoo - Request: /Scripts/RequireConfig.js
[2015-02-27 15:53:06.060] [DEBUG] yahoo - Request: /ViewModels/TickerListViewModel.js
[2015-02-27 15:53:06.063] [DEBUG] yahoo - Request: /Scripts/knockout.validation.js
[2015-02-27 15:53:06.064] [DEBUG] yahoo - Request: /ViewModels/Shared.js
[2015-02-27 15:53:06.066] [DEBUG] yahoo - Request: /Scripts/jquery-1.10.2.js
[2015-02-27 15:53:06.076] [DEBUG] yahoo - Request: /Scripts/knockout-3.0.0.js
[2015-02-27 15:53:06.088] [DEBUG] yahoo - Request: /Data/TickerList
[2015-02-27 15:53:06.237] [INFO] yahoo - Logging all lists from cradle
 [ { id: 'cheese',
    key: 'cheese',
    value: { rev: '3-24f1b555c976a1c2009c4d2e33c8eb75' } },
  { id: 'goog',
    key: 'goog',
    value: { rev: '1-6e15e54e224d9a315388e7658a16f186' } },
  { id: 'temp',
    key: 'temp',
    value: { rev: '1-80452857c87064a44c11a1275415ab88' } },
  { id: 'temp2',
    key: 'temp2',
    value: { rev: '1-708c07a3ab38384a04f25b44068c2bc8' } },
  { id: 'test',
    key: 'test',
    value: { rev: '1-df92db63f5febf71b471852cf4cb6d00' } } ]
[2015-02-27 16:27:08.432] [INFO] yahoo - Starting NodeTradeSim...
[2015-02-27 16:27:08.435] [INFO] yahoo - Written by John Placais, (C) 2015 - More than All Rights Reserved.
[2015-02-27 16:27:08.490] [DEBUG] yahoo - Partials directory: C:\CodeTest\NodeTradeSim\Website\Partials
[2015-02-27 16:27:08.491] [DEBUG] yahoo - Views directory: C:\CodeTest\NodeTradeSim\Website\Views
[2015-02-27 16:27:08.491] [DEBUG] yahoo - look for controllers: C:\CodeTest\NodeTradeSim\Website\Controllers
[2015-02-27 16:27:08.492] [INFO] yahoo - Loading DataStrategyController.js
[2015-02-27 16:27:08.492] [DEBUG] yahoo - Controller path: ./Website/Controllers/DataStrategyController.js
[2015-02-27 16:27:08.503] [INFO] yahoo - Registering Controller: Data/Strategy
[2015-02-27 16:27:08.504] [INFO] yahoo - Loading DataTickerListController.js
[2015-02-27 16:27:08.505] [DEBUG] yahoo - Controller path: ./Website/Controllers/DataTickerListController.js
[2015-02-27 16:27:08.507] [INFO] yahoo - Registering Controller: Data/TickerList
[2015-02-27 16:27:08.508] [INFO] yahoo - Loading DataTickerLookupController.js
[2015-02-27 16:27:08.508] [DEBUG] yahoo - Controller path: ./Website/Controllers/DataTickerLookupController.js
[2015-02-27 16:27:08.678] [INFO] yahoo - Registering Controller: Data/TickerLookup
[2015-02-27 16:27:08.679] [INFO] yahoo - Loading DataTickerPriceController.js
[2015-02-27 16:27:08.679] [DEBUG] yahoo - Controller path: ./Website/Controllers/DataTickerPriceController.js
[2015-02-27 16:27:08.681] [INFO] yahoo - Registering Controller: Data/TickerPrice
[2015-02-27 16:27:08.681] [INFO] yahoo - Loading HomeController.js
[2015-02-27 16:27:08.682] [DEBUG] yahoo - Controller path: ./Website/Controllers/HomeController.js
[2015-02-27 16:27:08.683] [INFO] yahoo - Registering Controller: Home
[2015-02-27 16:27:08.683] [INFO] yahoo - Loading StrategiesController.js
[2015-02-27 16:27:08.684] [DEBUG] yahoo - Controller path: ./Website/Controllers/StrategiesController.js
[2015-02-27 16:27:08.685] [INFO] yahoo - Registering Controller: Strategies
[2015-02-27 16:27:08.685] [INFO] yahoo - Loading TickerListAddController.js
[2015-02-27 16:27:08.685] [DEBUG] yahoo - Controller path: ./Website/Controllers/TickerListAddController.js
[2015-02-27 16:27:08.687] [INFO] yahoo - Registering Controller: TickerListAdd
[2015-02-27 16:27:08.687] [INFO] yahoo - Loading TickerListController.js
[2015-02-27 16:27:08.687] [DEBUG] yahoo - Controller path: ./Website/Controllers/TickerListController.js
[2015-02-27 16:27:08.688] [INFO] yahoo - Registering Controller: TickerList
[2015-02-27 16:27:08.737] [INFO] yahoo - tickerlist Database exists.
[2015-02-27 16:27:08.746] [INFO] yahoo - tickerlist Database exists.
[2015-02-27 16:27:08.747] [INFO] yahoo - tickerlist Database exists.
[2015-02-27 16:27:08.867] [INFO] yahoo - Creating strategyDB Database.
[2015-02-27 16:27:14.711] [DEBUG] yahoo - Request: /
[2015-02-27 16:27:14.712] [DEBUG] yahoo - BuildPath: C:\CodeTest\NodeTradeSim\Website\Views\HomeView
[2015-02-27 16:27:14.733] [DEBUG] yahoo - Request: /CSS/bootstrap.css
[2015-02-27 16:27:14.735] [DEBUG] yahoo - Request: /CSS/site.css
[2015-02-27 16:27:14.738] [DEBUG] yahoo - Request: /Scripts/require.js
[2015-02-27 16:27:14.803] [DEBUG] yahoo - Request: /ViewScripts/Home.js
[2015-02-27 16:27:14.830] [DEBUG] yahoo - Request: /Scripts/RequireConfig.js
[2015-02-27 16:27:14.847] [DEBUG] yahoo - Request: /Scripts/jquery-1.10.2.js
[2015-02-27 16:27:15.459] [DEBUG] yahoo - Request: /
[2015-02-27 16:27:15.459] [DEBUG] yahoo - BuildPath: C:\CodeTest\NodeTradeSim\Website\Views\HomeView
[2015-02-27 16:27:15.471] [DEBUG] yahoo - Request: /CSS/bootstrap.css
[2015-02-27 16:27:15.471] [DEBUG] yahoo - Request: /CSS/site.css
[2015-02-27 16:27:15.472] [DEBUG] yahoo - Request: /Scripts/require.js
[2015-02-27 16:27:15.523] [DEBUG] yahoo - Request: /favicon.ico
[2015-02-27 16:27:15.524] [DEBUG] yahoo - Request: /ViewScripts/Home.js
[2015-02-27 16:27:15.558] [DEBUG] yahoo - Request: /Scripts/RequireConfig.js
[2015-02-27 16:27:15.572] [DEBUG] yahoo - Request: /Scripts/jquery-1.10.2.js
[2015-02-27 16:27:17.045] [DEBUG] yahoo - Request: /Strategies
[2015-02-27 16:27:17.045] [DEBUG] yahoo - BuildPath: C:\CodeTest\NodeTradeSim\Website\Views\StrategiesView
[2015-02-27 16:27:17.059] [DEBUG] yahoo - Request: /CSS/bootstrap.css
[2015-02-27 16:27:17.059] [DEBUG] yahoo - Request: /CSS/site.css
[2015-02-27 16:27:17.060] [DEBUG] yahoo - Request: /Scripts/require.js
[2015-02-27 16:27:17.116] [DEBUG] yahoo - Request: /ViewScripts/StrategyManager.js
[2015-02-27 16:27:17.132] [DEBUG] yahoo - Request: /Scripts/RequireConfig.js
[2015-02-27 16:27:17.141] [DEBUG] yahoo - Request: /ViewModels/StrategiesViewModel.js
[2015-02-27 16:27:17.145] [DEBUG] yahoo - Request: /Scripts/knockout.validation.js
[2015-02-27 16:27:17.145] [DEBUG] yahoo - Request: /ViewModels/Shared.js
[2015-02-27 16:27:17.146] [DEBUG] yahoo - Request: /Scripts/jquery-1.10.2.js
[2015-02-27 16:27:17.156] [DEBUG] yahoo - Request: /Scripts/knockout-3.0.0.js
[2015-02-27 16:27:18.165] [DEBUG] yahoo - Request: /TickerList
[2015-02-27 16:27:18.166] [DEBUG] yahoo - BuildPath: C:\CodeTest\NodeTradeSim\Website\Views\TickerListView
[2015-02-27 16:27:18.175] [DEBUG] yahoo - Request: /CSS/bootstrap.css
[2015-02-27 16:27:18.176] [DEBUG] yahoo - Request: /CSS/site.css
[2015-02-27 16:27:18.177] [DEBUG] yahoo - Request: /Scripts/require.js
[2015-02-27 16:27:18.234] [DEBUG] yahoo - Request: /ViewScripts/TickerListManager.js
[2015-02-27 16:27:18.249] [DEBUG] yahoo - Request: /Scripts/RequireConfig.js
[2015-02-27 16:27:18.257] [DEBUG] yahoo - Request: /ViewModels/TickerListViewModel.js
[2015-02-27 16:27:18.261] [DEBUG] yahoo - Request: /Scripts/knockout.validation.js
[2015-02-27 16:27:18.262] [DEBUG] yahoo - Request: /ViewModels/Shared.js
[2015-02-27 16:27:18.263] [DEBUG] yahoo - Request: /Scripts/jquery-1.10.2.js
[2015-02-27 16:27:18.273] [DEBUG] yahoo - Request: /Scripts/knockout-3.0.0.js
[2015-02-27 16:27:18.296] [DEBUG] yahoo - Request: /Data/TickerList
[2015-02-27 16:27:18.458] [INFO] yahoo - Logging all lists from cradle
 [ { id: 'cheese',
    key: 'cheese',
    value: { rev: '3-24f1b555c976a1c2009c4d2e33c8eb75' } },
  { id: 'goog',
    key: 'goog',
    value: { rev: '1-6e15e54e224d9a315388e7658a16f186' } },
  { id: 'temp',
    key: 'temp',
    value: { rev: '1-80452857c87064a44c11a1275415ab88' } },
  { id: 'temp2',
    key: 'temp2',
    value: { rev: '1-708c07a3ab38384a04f25b44068c2bc8' } },
  { id: 'test',
    key: 'test',
    value: { rev: '1-df92db63f5febf71b471852cf4cb6d00' } } ]
[2015-02-27 16:27:19.941] [DEBUG] yahoo - Request: /
[2015-02-27 16:27:19.942] [DEBUG] yahoo - BuildPath: C:\CodeTest\NodeTradeSim\Website\Views\HomeView
[2015-02-27 16:27:19.951] [DEBUG] yahoo - Request: /CSS/bootstrap.css
[2015-02-27 16:27:19.952] [DEBUG] yahoo - Request: /CSS/site.css
[2015-02-27 16:27:19.953] [DEBUG] yahoo - Request: /Scripts/require.js
[2015-02-27 16:27:19.998] [DEBUG] yahoo - Request: /ViewScripts/Home.js
[2015-02-27 16:27:20.014] [DEBUG] yahoo - Request: /Scripts/RequireConfig.js
[2015-02-27 16:27:20.031] [DEBUG] yahoo - Request: /Scripts/jquery-1.10.2.js
[2015-02-27 16:28:27.213] [INFO] yahoo - Starting NodeTradeSim...
[2015-02-27 16:28:27.216] [INFO] yahoo - Written by John Placais, (C) 2015 - More than All Rights Reserved.
[2015-02-27 16:28:27.279] [DEBUG] yahoo - Partials directory: C:\CodeTest\NodeTradeSim\Website\Partials
[2015-02-27 16:28:27.280] [DEBUG] yahoo - Views directory: C:\CodeTest\NodeTradeSim\Website\Views
[2015-02-27 16:28:27.280] [DEBUG] yahoo - look for controllers: C:\CodeTest\NodeTradeSim\Website\Controllers
[2015-02-27 16:28:27.281] [INFO] yahoo - Loading DataStrategyController.js
[2015-02-27 16:28:27.281] [DEBUG] yahoo - Controller path: ./Website/Controllers/DataStrategyController.js
[2015-02-27 16:28:27.290] [INFO] yahoo - Registering Controller: Data/Strategy
[2015-02-27 16:28:27.290] [INFO] yahoo - Loading DataTickerListController.js
[2015-02-27 16:28:27.291] [DEBUG] yahoo - Controller path: ./Website/Controllers/DataTickerListController.js
[2015-02-27 16:28:27.294] [INFO] yahoo - Registering Controller: Data/TickerList
[2015-02-27 16:28:27.294] [INFO] yahoo - Loading DataTickerLookupController.js
[2015-02-27 16:28:27.295] [DEBUG] yahoo - Controller path: ./Website/Controllers/DataTickerLookupController.js
[2015-02-27 16:28:27.470] [INFO] yahoo - Registering Controller: Data/TickerLookup
[2015-02-27 16:28:27.470] [INFO] yahoo - Loading DataTickerPriceController.js
[2015-02-27 16:28:27.471] [DEBUG] yahoo - Controller path: ./Website/Controllers/DataTickerPriceController.js
[2015-02-27 16:28:27.473] [INFO] yahoo - Registering Controller: Data/TickerPrice
[2015-02-27 16:28:27.473] [INFO] yahoo - Loading HomeController.js
[2015-02-27 16:28:27.473] [DEBUG] yahoo - Controller path: ./Website/Controllers/HomeController.js
[2015-02-27 16:28:27.475] [INFO] yahoo - Registering Controller: Home
[2015-02-27 16:28:27.475] [INFO] yahoo - Loading StrategiesController.js
[2015-02-27 16:28:27.476] [DEBUG] yahoo - Controller path: ./Website/Controllers/StrategiesController.js
[2015-02-27 16:28:27.477] [INFO] yahoo - Registering Controller: Strategies
[2015-02-27 16:28:27.477] [INFO] yahoo - Loading TickerListAddController.js
[2015-02-27 16:28:27.477] [DEBUG] yahoo - Controller path: ./Website/Controllers/TickerListAddController.js
[2015-02-27 16:28:27.479] [INFO] yahoo - Registering Controller: TickerListAdd
[2015-02-27 16:28:27.479] [INFO] yahoo - Loading TickerListController.js
[2015-02-27 16:28:27.479] [DEBUG] yahoo - Controller path: ./Website/Controllers/TickerListController.js
[2015-02-27 16:28:27.481] [INFO] yahoo - Registering Controller: TickerList
[2015-02-27 16:28:27.534] [INFO] yahoo - tickerlist Database exists.
[2015-02-27 16:28:27.537] [INFO] yahoo - tickerlist Database exists.
[2015-02-27 16:28:27.538] [INFO] yahoo - Creating strategyDB Database.
[2015-02-27 16:28:27.539] [INFO] yahoo - tickerlist Database exists.
[2015-02-27 16:28:33.150] [DEBUG] yahoo - Request: /CSS/bootstrap.css
[2015-02-27 16:28:33.152] [DEBUG] yahoo - Request: /CSS/site.css
[2015-02-27 16:28:40.725] [DEBUG] yahoo - Request: /TickerList
[2015-02-27 16:28:40.726] [DEBUG] yahoo - BuildPath: C:\CodeTest\NodeTradeSim\Website\Views\TickerListView
[2015-02-27 16:28:40.745] [DEBUG] yahoo - Request: /CSS/bootstrap.css
[2015-02-27 16:28:40.745] [DEBUG] yahoo - Request: /CSS/site.css
[2015-02-27 16:28:40.747] [DEBUG] yahoo - Request: /Scripts/require.js
[2015-02-27 16:28:40.819] [DEBUG] yahoo - Request: /ViewScripts/TickerListManager.js
[2015-02-27 16:28:40.854] [DEBUG] yahoo - Request: /Scripts/RequireConfig.js
[2015-02-27 16:28:40.865] [DEBUG] yahoo - Request: /ViewModels/TickerListViewModel.js
[2015-02-27 16:28:40.870] [DEBUG] yahoo - Request: /Scripts/knockout.validation.js
[2015-02-27 16:28:40.870] [DEBUG] yahoo - Request: /ViewModels/Shared.js
[2015-02-27 16:28:40.871] [DEBUG] yahoo - Request: /Scripts/jquery-1.10.2.js
[2015-02-27 16:28:40.901] [DEBUG] yahoo - Request: /Scripts/knockout-3.0.0.js
[2015-02-27 16:28:40.922] [DEBUG] yahoo - Request: /Data/TickerList
[2015-02-27 16:28:41.036] [INFO] yahoo - Logging all lists from cradle
 [ { id: 'cheese',
    key: 'cheese',
    value: { rev: '3-24f1b555c976a1c2009c4d2e33c8eb75' } },
  { id: 'goog',
    key: 'goog',
    value: { rev: '1-6e15e54e224d9a315388e7658a16f186' } },
  { id: 'temp',
    key: 'temp',
    value: { rev: '1-80452857c87064a44c11a1275415ab88' } },
  { id: 'temp2',
    key: 'temp2',
    value: { rev: '1-708c07a3ab38384a04f25b44068c2bc8' } },
  { id: 'test',
    key: 'test',
    value: { rev: '1-df92db63f5febf71b471852cf4cb6d00' } } ]
[2015-02-27 16:28:42.741] [DEBUG] yahoo - Request: /Strategies
[2015-02-27 16:28:42.741] [DEBUG] yahoo - BuildPath: C:\CodeTest\NodeTradeSim\Website\Views\StrategiesView
[2015-02-27 16:28:42.760] [DEBUG] yahoo - Request: /CSS/bootstrap.css
[2015-02-27 16:28:42.761] [DEBUG] yahoo - Request: /CSS/site.css
[2015-02-27 16:28:42.762] [DEBUG] yahoo - Request: /Scripts/require.js
[2015-02-27 16:28:42.833] [DEBUG] yahoo - Request: /ViewScripts/StrategyManager.js
[2015-02-27 16:28:42.857] [DEBUG] yahoo - Request: /Scripts/RequireConfig.js
[2015-02-27 16:28:42.888] [DEBUG] yahoo - Request: /ViewModels/StrategiesViewModel.js
[2015-02-27 16:28:42.893] [DEBUG] yahoo - Request: /Scripts/knockout.validation.js
[2015-02-27 16:28:42.894] [DEBUG] yahoo - Request: /ViewModels/Shared.js
[2015-02-27 16:28:42.895] [DEBUG] yahoo - Request: /Scripts/jquery-1.10.2.js
[2015-02-27 16:28:42.925] [DEBUG] yahoo - Request: /Scripts/knockout-3.0.0.js
[2015-02-27 16:29:50.515] [DEBUG] yahoo - Request: /Strategies
[2015-02-27 16:29:50.515] [DEBUG] yahoo - BuildPath: C:\CodeTest\NodeTradeSim\Website\Views\StrategiesView
[2015-02-27 16:29:50.530] [DEBUG] yahoo - Request: /CSS/bootstrap.css
[2015-02-27 16:29:50.531] [DEBUG] yahoo - Request: /CSS/site.css
[2015-02-27 16:29:50.531] [DEBUG] yahoo - Request: /Scripts/require.js
[2015-02-27 16:29:50.601] [DEBUG] yahoo - Request: /ViewScripts/StrategyManager.js
[2015-02-27 16:29:50.602] [DEBUG] yahoo - Request: /favicon.ico
[2015-02-27 16:29:50.642] [DEBUG] yahoo - Request: /Scripts/RequireConfig.js
[2015-02-27 16:29:50.653] [DEBUG] yahoo - Request: /ViewModels/StrategiesViewModel.js
[2015-02-27 16:29:50.660] [DEBUG] yahoo - Request: /Scripts/jquery-1.10.2.js
[2015-02-27 16:29:50.706] [DEBUG] yahoo - Request: /Scripts/knockout.validation.js
[2015-02-27 16:29:50.706] [DEBUG] yahoo - Request: /ViewModels/Shared.js
[2015-02-27 16:29:50.733] [DEBUG] yahoo - Request: /Scripts/knockout-3.0.0.js
[2015-02-27 16:36:45.089] [INFO] yahoo - Starting NodeTradeSim...
[2015-02-27 16:36:45.093] [INFO] yahoo - Written by John Placais, (C) 2015 - More than All Rights Reserved.
[2015-02-27 16:36:45.148] [DEBUG] yahoo - Partials directory: C:\CodeTest\NodeTradeSim\Website\Partials
[2015-02-27 16:36:45.149] [DEBUG] yahoo - Views directory: C:\CodeTest\NodeTradeSim\Website\Views
[2015-02-27 16:36:45.149] [DEBUG] yahoo - look for controllers: C:\CodeTest\NodeTradeSim\Website\Controllers
[2015-02-27 16:36:45.150] [INFO] yahoo - Loading DataStrategyController.js
[2015-02-27 16:36:45.150] [DEBUG] yahoo - Controller path: ./Website/Controllers/DataStrategyController.js
[2015-02-27 16:36:45.159] [INFO] yahoo - Registering Controller: Data/Strategy
[2015-02-27 16:36:45.159] [INFO] yahoo - Loading DataTickerListController.js
[2015-02-27 16:36:45.160] [DEBUG] yahoo - Controller path: ./Website/Controllers/DataTickerListController.js
[2015-02-27 16:36:45.162] [INFO] yahoo - Registering Controller: Data/TickerList
[2015-02-27 16:36:45.163] [INFO] yahoo - Loading DataTickerLookupController.js
[2015-02-27 16:36:45.163] [DEBUG] yahoo - Controller path: ./Website/Controllers/DataTickerLookupController.js
[2015-02-27 16:36:45.329] [INFO] yahoo - Registering Controller: Data/TickerLookup
[2015-02-27 16:36:45.329] [INFO] yahoo - Loading DataTickerPriceController.js
[2015-02-27 16:36:45.329] [DEBUG] yahoo - Controller path: ./Website/Controllers/DataTickerPriceController.js
[2015-02-27 16:36:45.331] [INFO] yahoo - Registering Controller: Data/TickerPrice
[2015-02-27 16:36:45.332] [INFO] yahoo - Loading HomeController.js
[2015-02-27 16:36:45.332] [DEBUG] yahoo - Controller path: ./Website/Controllers/HomeController.js
[2015-02-27 16:36:45.333] [INFO] yahoo - Registering Controller: Home
[2015-02-27 16:36:45.333] [INFO] yahoo - Loading StrategiesController.js
[2015-02-27 16:36:45.334] [DEBUG] yahoo - Controller path: ./Website/Controllers/StrategiesController.js
[2015-02-27 16:36:45.335] [INFO] yahoo - Registering Controller: Strategies
[2015-02-27 16:36:45.335] [INFO] yahoo - Loading TickerListAddController.js
[2015-02-27 16:36:45.335] [DEBUG] yahoo - Controller path: ./Website/Controllers/TickerListAddController.js
[2015-02-27 16:36:45.336] [INFO] yahoo - Registering Controller: TickerListAdd
[2015-02-27 16:36:45.337] [INFO] yahoo - Loading TickerListController.js
[2015-02-27 16:36:45.337] [DEBUG] yahoo - Controller path: ./Website/Controllers/TickerListController.js
[2015-02-27 16:36:45.338] [INFO] yahoo - Registering Controller: TickerList
[2015-02-27 16:36:45.386] [INFO] yahoo - tickerlist Database exists.
[2015-02-27 16:36:45.389] [INFO] yahoo - tickerlist Database exists.
[2015-02-27 16:36:45.389] [INFO] yahoo - Creating strategyDB Database.
[2015-02-27 16:36:45.391] [INFO] yahoo - tickerlist Database exists.
[2015-02-27 16:36:50.305] [DEBUG] yahoo - Request: /
[2015-02-27 16:36:50.305] [DEBUG] yahoo - BuildPath: C:\CodeTest\NodeTradeSim\Website\Views\HomeView
[2015-02-27 16:36:50.326] [DEBUG] yahoo - Request: /CSS/bootstrap.css
[2015-02-27 16:36:50.327] [DEBUG] yahoo - Request: /CSS/site.css
[2015-02-27 16:36:50.331] [DEBUG] yahoo - Request: /Scripts/require.js
[2015-02-27 16:36:50.402] [DEBUG] yahoo - Request: /ViewScripts/Home.js
[2015-02-27 16:36:50.452] [DEBUG] yahoo - Request: /Scripts/RequireConfig.js
[2015-02-27 16:36:50.469] [DEBUG] yahoo - Request: /Scripts/jquery-1.10.2.js
[2015-02-27 16:36:52.894] [DEBUG] yahoo - Request: /TickerList
[2015-02-27 16:36:52.894] [DEBUG] yahoo - BuildPath: C:\CodeTest\NodeTradeSim\Website\Views\TickerListView
[2015-02-27 16:36:52.905] [DEBUG] yahoo - Request: /CSS/bootstrap.css
[2015-02-27 16:36:52.906] [DEBUG] yahoo - Request: /CSS/site.css
[2015-02-27 16:36:52.907] [DEBUG] yahoo - Request: /Scripts/require.js
[2015-02-27 16:36:52.991] [DEBUG] yahoo - Request: /ViewScripts/TickerListManager.js
[2015-02-27 16:36:53.016] [DEBUG] yahoo - Request: /Scripts/RequireConfig.js
[2015-02-27 16:36:53.046] [DEBUG] yahoo - Request: /ViewModels/TickerListViewModel.js
[2015-02-27 16:36:53.051] [DEBUG] yahoo - Request: /Scripts/knockout.validation.js
[2015-02-27 16:36:53.052] [DEBUG] yahoo - Request: /ViewModels/Shared.js
[2015-02-27 16:36:53.053] [DEBUG] yahoo - Request: /Scripts/jquery-1.10.2.js
[2015-02-27 16:36:53.085] [DEBUG] yahoo - Request: /Scripts/knockout-3.0.0.js
[2015-02-27 16:36:53.125] [DEBUG] yahoo - Request: /Data/TickerList
[2015-02-27 16:36:53.237] [INFO] yahoo - Logging all lists from cradle
 [ { id: 'cheese',
    key: 'cheese',
    value: { rev: '3-24f1b555c976a1c2009c4d2e33c8eb75' } },
  { id: 'goog',
    key: 'goog',
    value: { rev: '1-6e15e54e224d9a315388e7658a16f186' } },
  { id: 'temp',
    key: 'temp',
    value: { rev: '1-80452857c87064a44c11a1275415ab88' } },
  { id: 'temp2',
    key: 'temp2',
    value: { rev: '1-708c07a3ab38384a04f25b44068c2bc8' } },
  { id: 'test',
    key: 'test',
    value: { rev: '1-df92db63f5febf71b471852cf4cb6d00' } } ]
[2015-02-27 16:36:54.670] [DEBUG] yahoo - Request: /Strategies
[2015-02-27 16:36:54.671] [DEBUG] yahoo - BuildPath: C:\CodeTest\NodeTradeSim\Website\Views\StrategiesView
[2015-02-27 16:36:54.683] [DEBUG] yahoo - Request: /CSS/bootstrap.css
[2015-02-27 16:36:54.684] [DEBUG] yahoo - Request: /CSS/site.css
[2015-02-27 16:36:54.686] [DEBUG] yahoo - Request: /Scripts/require.js
[2015-02-27 16:36:54.710] [DEBUG] yahoo - Request: /ViewScripts/StrategyManager.js
[2015-02-27 16:36:54.790] [DEBUG] yahoo - Request: /Scripts/RequireConfig.js
[2015-02-27 16:36:54.827] [DEBUG] yahoo - Request: /ViewModels/StrategiesViewModel.js
[2015-02-27 16:36:54.834] [DEBUG] yahoo - Request: /Scripts/jquery-1.10.2.js
[2015-02-27 16:36:54.881] [DEBUG] yahoo - Request: /Scripts/knockout.validation.js
[2015-02-27 16:36:54.882] [DEBUG] yahoo - Request: /ViewModels/Shared.js
[2015-02-27 16:36:54.908] [DEBUG] yahoo - Request: /Scripts/knockout-3.0.0.js
[2015-02-27 16:37:29.714] [DEBUG] yahoo - Request: /Strategies
[2015-02-27 16:37:29.715] [DEBUG] yahoo - BuildPath: C:\CodeTest\NodeTradeSim\Website\Views\StrategiesView
[2015-02-27 16:37:29.725] [DEBUG] yahoo - Request: /CSS/bootstrap.css
[2015-02-27 16:37:29.725] [DEBUG] yahoo - Request: /CSS/site.css
[2015-02-27 16:37:29.727] [DEBUG] yahoo - Request: /Scripts/require.js
[2015-02-27 16:37:29.797] [DEBUG] yahoo - Request: /favicon.ico
[2015-02-27 16:37:29.798] [DEBUG] yahoo - Request: /ViewScripts/StrategyManager.js
[2015-02-27 16:37:29.844] [DEBUG] yahoo - Request: /Scripts/RequireConfig.js
[2015-02-27 16:37:29.854] [DEBUG] yahoo - Request: /ViewModels/StrategiesViewModel.js
[2015-02-27 16:37:29.859] [DEBUG] yahoo - Request: /Scripts/jquery-1.10.2.js
[2015-02-27 16:37:29.906] [DEBUG] yahoo - Request: /Scripts/knockout.validation.js
[2015-02-27 16:37:29.907] [DEBUG] yahoo - Request: /ViewModels/Shared.js
[2015-02-27 16:37:29.934] [DEBUG] yahoo - Request: /Scripts/knockout-3.0.0.js
[2015-02-27 16:37:34.435] [DEBUG] yahoo - Request: /Strategies
[2015-02-27 16:37:34.436] [DEBUG] yahoo - BuildPath: C:\CodeTest\NodeTradeSim\Website\Views\StrategiesView
[2015-02-27 16:37:34.437] [DEBUG] yahoo - Request: /Data/Strategy
[2015-02-27 16:37:34.449] [DEBUG] yahoo - Request: /CSS/bootstrap.css
[2015-02-27 16:37:34.449] [DEBUG] yahoo - Request: /CSS/site.css
[2015-02-27 16:37:34.450] [DEBUG] yahoo - Request: /Scripts/require.js
[2015-02-27 16:37:34.520] [DEBUG] yahoo - Request: /ViewScripts/StrategyManager.js
[2015-02-27 16:37:34.545] [ERROR] yahoo - Error getting all Lists with cradle. { [CouchError: not_found: no_db_file]
  name: 'CouchError',
  message: 'not_found: no_db_file',
  error: 'not_found',
  reason: 'no_db_file',
  headers: 
   { server: 'CouchDB/1.6.1 (Erlang OTP/R16B02)',
     date: 'Fri, 27 Feb 2015 21:37:34 GMT',
     'content-type': 'text/plain; charset=utf-8',
     'content-length': '44',
     'cache-control': 'must-revalidate',
     status: 404 } }
CouchError: not_found: no_db_file
    at Request._onResponse [as _callback] (C:\CodeTest\NodeTradeSim\node_modules\cradle\lib\cradle.js:232:29)
    at Request.init.self.callback (C:\CodeTest\NodeTradeSim\node_modules\cradle\node_modules\request\request.js:344:22)
    at Request.emit (events.js:110:17)
    at Request.<anonymous> (C:\CodeTest\NodeTradeSim\node_modules\cradle\node_modules\request\request.js:1239:14)
    at Request.emit (events.js:129:20)
    at IncomingMessage.<anonymous> (C:\CodeTest\NodeTradeSim\node_modules\cradle\node_modules\request\request.js:1187:12)
    at IncomingMessage.emit (events.js:129:20)
    at _stream_readable.js:908:16
    at process._tickCallback (node.js:355:11)
[2015-02-27 16:37:34.554] [DEBUG] yahoo - Request: /Scripts/RequireConfig.js
[2015-02-27 16:37:34.585] [DEBUG] yahoo - Request: /ViewModels/StrategiesViewModel.js
[2015-02-27 16:37:34.590] [DEBUG] yahoo - Request: /Scripts/knockout.validation.js
[2015-02-27 16:37:34.590] [DEBUG] yahoo - Request: /ViewModels/Shared.js
[2015-02-27 16:37:34.591] [DEBUG] yahoo - Request: /Scripts/jquery-1.10.2.js
[2015-02-27 16:37:34.623] [DEBUG] yahoo - Request: /Scripts/knockout-3.0.0.js
[2015-02-27 16:37:34.646] [DEBUG] yahoo - Request: /Data/Strategy
[2015-02-27 16:37:34.759] [ERROR] yahoo - Error getting all Lists with cradle. { [CouchError: not_found: no_db_file]
  name: 'CouchError',
  message: 'not_found: no_db_file',
  error: 'not_found',
  reason: 'no_db_file',
  headers: 
   { server: 'CouchDB/1.6.1 (Erlang OTP/R16B02)',
     date: 'Fri, 27 Feb 2015 21:37:34 GMT',
     'content-type': 'text/plain; charset=utf-8',
     'content-length': '44',
     'cache-control': 'must-revalidate',
     status: 404 } }
CouchError: not_found: no_db_file
    at Request._onResponse [as _callback] (C:\CodeTest\NodeTradeSim\node_modules\cradle\lib\cradle.js:232:29)
    at Request.init.self.callback (C:\CodeTest\NodeTradeSim\node_modules\cradle\node_modules\request\request.js:344:22)
    at Request.emit (events.js:110:17)
    at Request.<anonymous> (C:\CodeTest\NodeTradeSim\node_modules\cradle\node_modules\request\request.js:1239:14)
    at Request.emit (events.js:129:20)
    at IncomingMessage.<anonymous> (C:\CodeTest\NodeTradeSim\node_modules\cradle\node_modules\request\request.js:1187:12)
    at IncomingMessage.emit (events.js:129:20)
    at _stream_readable.js:908:16
    at process._tickCallback (node.js:355:11)
[2015-02-27 16:40:56.567] [INFO] yahoo - Starting NodeTradeSim...
[2015-02-27 16:40:56.571] [INFO] yahoo - Written by John Placais, (C) 2015 - More than All Rights Reserved.
[2015-02-27 16:40:56.626] [DEBUG] yahoo - Partials directory: C:\CodeTest\NodeTradeSim\Website\Partials
[2015-02-27 16:40:56.626] [DEBUG] yahoo - Views directory: C:\CodeTest\NodeTradeSim\Website\Views
[2015-02-27 16:40:56.627] [DEBUG] yahoo - look for controllers: C:\CodeTest\NodeTradeSim\Website\Controllers
[2015-02-27 16:40:56.627] [INFO] yahoo - Loading DataStrategyController.js
[2015-02-27 16:40:56.628] [DEBUG] yahoo - Controller path: ./Website/Controllers/DataStrategyController.js
[2015-02-27 16:40:56.636] [INFO] yahoo - Registering Controller: Data/Strategy
[2015-02-27 16:40:56.637] [INFO] yahoo - Loading DataTickerListController.js
[2015-02-27 16:40:56.637] [DEBUG] yahoo - Controller path: ./Website/Controllers/DataTickerListController.js
[2015-02-27 16:40:56.640] [INFO] yahoo - Registering Controller: Data/TickerList
[2015-02-27 16:40:56.640] [INFO] yahoo - Loading DataTickerLookupController.js
[2015-02-27 16:40:56.640] [DEBUG] yahoo - Controller path: ./Website/Controllers/DataTickerLookupController.js
[2015-02-27 16:40:56.812] [INFO] yahoo - Registering Controller: Data/TickerLookup
[2015-02-27 16:40:56.813] [INFO] yahoo - Loading DataTickerPriceController.js
[2015-02-27 16:40:56.813] [DEBUG] yahoo - Controller path: ./Website/Controllers/DataTickerPriceController.js
[2015-02-27 16:40:56.815] [INFO] yahoo - Registering Controller: Data/TickerPrice
[2015-02-27 16:40:56.815] [INFO] yahoo - Loading HomeController.js
[2015-02-27 16:40:56.816] [DEBUG] yahoo - Controller path: ./Website/Controllers/HomeController.js
[2015-02-27 16:40:56.817] [INFO] yahoo - Registering Controller: Home
[2015-02-27 16:40:56.817] [INFO] yahoo - Loading StrategiesController.js
[2015-02-27 16:40:56.817] [DEBUG] yahoo - Controller path: ./Website/Controllers/StrategiesController.js
[2015-02-27 16:40:56.818] [INFO] yahoo - Registering Controller: Strategies
[2015-02-27 16:40:56.819] [INFO] yahoo - Loading TickerListAddController.js
[2015-02-27 16:40:56.819] [DEBUG] yahoo - Controller path: ./Website/Controllers/TickerListAddController.js
[2015-02-27 16:40:56.820] [INFO] yahoo - Registering Controller: TickerListAdd
[2015-02-27 16:40:56.821] [INFO] yahoo - Loading TickerListController.js
[2015-02-27 16:40:56.821] [DEBUG] yahoo - Controller path: ./Website/Controllers/TickerListController.js
[2015-02-27 16:40:56.822] [INFO] yahoo - Registering Controller: TickerList
[2015-02-27 16:40:56.871] [INFO] yahoo - tickerlist Database exists.
[2015-02-27 16:40:56.874] [INFO] yahoo - strategyDB Database exists.
[2015-02-27 16:40:56.874] [INFO] yahoo - tickerlist Database exists.
[2015-02-27 16:40:56.875] [INFO] yahoo - tickerlist Database exists.
[2015-02-27 16:40:59.456] [DEBUG] yahoo - Request: /
[2015-02-27 16:40:59.456] [DEBUG] yahoo - BuildPath: C:\CodeTest\NodeTradeSim\Website\Views\HomeView
[2015-02-27 16:40:59.477] [DEBUG] yahoo - Request: /CSS/bootstrap.css
[2015-02-27 16:40:59.478] [DEBUG] yahoo - Request: /CSS/site.css
[2015-02-27 16:40:59.482] [DEBUG] yahoo - Request: /Scripts/require.js
[2015-02-27 16:40:59.556] [DEBUG] yahoo - Request: /ViewScripts/Home.js
[2015-02-27 16:40:59.579] [DEBUG] yahoo - Request: /Scripts/RequireConfig.js
[2015-02-27 16:40:59.598] [DEBUG] yahoo - Request: /Scripts/jquery-1.10.2.js
[2015-02-27 16:41:00.981] [DEBUG] yahoo - Request: /TickerList
[2015-02-27 16:41:00.981] [DEBUG] yahoo - BuildPath: C:\CodeTest\NodeTradeSim\Website\Views\TickerListView
[2015-02-27 16:41:00.993] [DEBUG] yahoo - Request: /CSS/bootstrap.css
[2015-02-27 16:41:00.994] [DEBUG] yahoo - Request: /CSS/site.css
[2015-02-27 16:41:00.994] [DEBUG] yahoo - Request: /Scripts/require.js
[2015-02-27 16:41:01.068] [DEBUG] yahoo - Request: /ViewScripts/TickerListManager.js
[2015-02-27 16:41:01.092] [DEBUG] yahoo - Request: /Scripts/RequireConfig.js
[2015-02-27 16:41:01.126] [DEBUG] yahoo - Request: /ViewModels/TickerListViewModel.js
[2015-02-27 16:41:01.131] [DEBUG] yahoo - Request: /Scripts/knockout.validation.js
[2015-02-27 16:41:01.132] [DEBUG] yahoo - Request: /ViewModels/Shared.js
[2015-02-27 16:41:01.133] [DEBUG] yahoo - Request: /Scripts/jquery-1.10.2.js
[2015-02-27 16:41:01.168] [DEBUG] yahoo - Request: /Scripts/knockout-3.0.0.js
[2015-02-27 16:41:01.191] [DEBUG] yahoo - Request: /Data/TickerList
[2015-02-27 16:41:01.300] [INFO] yahoo - Logging all lists from cradle
 [ { id: 'cheese',
    key: 'cheese',
    value: { rev: '3-24f1b555c976a1c2009c4d2e33c8eb75' } },
  { id: 'goog',
    key: 'goog',
    value: { rev: '1-6e15e54e224d9a315388e7658a16f186' } } ]
[2015-02-27 16:41:02.469] [DEBUG] yahoo - Request: /Strategies
[2015-02-27 16:41:02.470] [DEBUG] yahoo - BuildPath: C:\CodeTest\NodeTradeSim\Website\Views\StrategiesView
[2015-02-27 16:41:02.487] [DEBUG] yahoo - Request: /CSS/bootstrap.css
[2015-02-27 16:41:02.488] [DEBUG] yahoo - Request: /CSS/site.css
[2015-02-27 16:41:02.489] [DEBUG] yahoo - Request: /Scripts/require.js
[2015-02-27 16:41:02.564] [DEBUG] yahoo - Request: /ViewScripts/StrategyManager.js
[2015-02-27 16:41:02.589] [DEBUG] yahoo - Request: /Scripts/RequireConfig.js
[2015-02-27 16:41:02.624] [DEBUG] yahoo - Request: /ViewModels/StrategiesViewModel.js
[2015-02-27 16:41:02.629] [DEBUG] yahoo - Request: /Scripts/knockout.validation.js
[2015-02-27 16:41:02.630] [DEBUG] yahoo - Request: /ViewModels/Shared.js
[2015-02-27 16:41:02.630] [DEBUG] yahoo - Request: /Scripts/jquery-1.10.2.js
[2015-02-27 16:41:02.664] [DEBUG] yahoo - Request: /Scripts/knockout-3.0.0.js
[2015-02-27 16:41:02.688] [DEBUG] yahoo - Request: /Data/Strategy
[2015-02-27 16:41:02.798] [INFO] yahoo - Logging all lists from cradle
 []
[2015-02-27 16:44:01.643] [INFO] yahoo - Starting NodeTradeSim...
[2015-02-27 16:44:01.651] [INFO] yahoo - Written by John Placais, (C) 2015 - More than All Rights Reserved.
[2015-02-27 16:44:01.712] [DEBUG] yahoo - Partials directory: C:\CodeTest\NodeTradeSim\Website\Partials
[2015-02-27 16:44:01.713] [DEBUG] yahoo - Views directory: C:\CodeTest\NodeTradeSim\Website\Views
[2015-02-27 16:44:01.714] [DEBUG] yahoo - look for controllers: C:\CodeTest\NodeTradeSim\Website\Controllers
[2015-02-27 16:44:01.714] [INFO] yahoo - Loading DataStrategyController.js
[2015-02-27 16:44:01.714] [DEBUG] yahoo - Controller path: ./Website/Controllers/DataStrategyController.js
[2015-02-27 16:44:01.723] [INFO] yahoo - Registering Controller: Data/Strategy
[2015-02-27 16:44:01.724] [INFO] yahoo - Loading DataTickerListController.js
[2015-02-27 16:44:01.724] [DEBUG] yahoo - Controller path: ./Website/Controllers/DataTickerListController.js
[2015-02-27 16:44:01.727] [INFO] yahoo - Registering Controller: Data/TickerList
[2015-02-27 16:44:01.727] [INFO] yahoo - Loading DataTickerLookupController.js
[2015-02-27 16:44:01.727] [DEBUG] yahoo - Controller path: ./Website/Controllers/DataTickerLookupController.js
[2015-02-27 16:44:01.896] [INFO] yahoo - Registering Controller: Data/TickerLookup
[2015-02-27 16:44:01.896] [INFO] yahoo - Loading DataTickerPriceController.js
[2015-02-27 16:44:01.897] [DEBUG] yahoo - Controller path: ./Website/Controllers/DataTickerPriceController.js
[2015-02-27 16:44:01.899] [INFO] yahoo - Registering Controller: Data/TickerPrice
[2015-02-27 16:44:01.899] [INFO] yahoo - Loading HomeController.js
[2015-02-27 16:44:01.899] [DEBUG] yahoo - Controller path: ./Website/Controllers/HomeController.js
[2015-02-27 16:44:01.900] [INFO] yahoo - Registering Controller: Home
[2015-02-27 16:44:01.901] [INFO] yahoo - Loading StrategiesController.js
[2015-02-27 16:44:01.901] [DEBUG] yahoo - Controller path: ./Website/Controllers/StrategiesController.js
[2015-02-27 16:44:01.902] [INFO] yahoo - Registering Controller: Strategies
[2015-02-27 16:44:01.903] [INFO] yahoo - Loading TickerListAddController.js
[2015-02-27 16:44:01.903] [DEBUG] yahoo - Controller path: ./Website/Controllers/TickerListAddController.js
[2015-02-27 16:44:01.904] [INFO] yahoo - Registering Controller: TickerListAdd
[2015-02-27 16:44:01.904] [INFO] yahoo - Loading TickerListController.js
[2015-02-27 16:44:01.905] [DEBUG] yahoo - Controller path: ./Website/Controllers/TickerListController.js
[2015-02-27 16:44:01.906] [INFO] yahoo - Registering Controller: TickerList
[2015-02-27 16:44:01.960] [INFO] yahoo - tickerlist Database exists.
[2015-02-27 16:44:01.962] [INFO] yahoo - strategyDB Database exists.
[2015-02-27 16:44:01.963] [INFO] yahoo - tickerlist Database exists.
[2015-02-27 16:44:01.970] [INFO] yahoo - tickerlist Database exists.
[2015-02-27 16:55:55.847] [INFO] yahoo - Starting NodeTradeSim...
[2015-02-27 16:55:55.850] [INFO] yahoo - Written by John Placais, (C) 2015 - More than All Rights Reserved.
[2015-02-27 16:55:55.912] [DEBUG] yahoo - Partials directory: C:\CodeTest\NodeTradeSim\Website\Partials
[2015-02-27 16:55:55.912] [DEBUG] yahoo - Views directory: C:\CodeTest\NodeTradeSim\Website\Views
[2015-02-27 16:55:55.913] [DEBUG] yahoo - look for controllers: C:\CodeTest\NodeTradeSim\Website\Controllers
[2015-02-27 16:55:55.913] [INFO] yahoo - Loading DataStrategyController.js
[2015-02-27 16:55:55.914] [DEBUG] yahoo - Controller path: ./Website/Controllers/DataStrategyController.js
[2015-02-27 16:55:55.922] [INFO] yahoo - Registering Controller: Data/Strategy
[2015-02-27 16:55:55.923] [INFO] yahoo - Loading DataTickerListController.js
[2015-02-27 16:55:55.923] [DEBUG] yahoo - Controller path: ./Website/Controllers/DataTickerListController.js
[2015-02-27 16:55:55.926] [INFO] yahoo - Registering Controller: Data/TickerList
[2015-02-27 16:55:55.927] [INFO] yahoo - Loading DataTickerLookupController.js
[2015-02-27 16:55:55.927] [DEBUG] yahoo - Controller path: ./Website/Controllers/DataTickerLookupController.js
[2015-02-27 16:55:56.095] [INFO] yahoo - Registering Controller: Data/TickerLookup
[2015-02-27 16:55:56.095] [INFO] yahoo - Loading DataTickerPriceController.js
[2015-02-27 16:55:56.095] [DEBUG] yahoo - Controller path: ./Website/Controllers/DataTickerPriceController.js
[2015-02-27 16:55:56.097] [INFO] yahoo - Registering Controller: Data/TickerPrice
[2015-02-27 16:55:56.098] [INFO] yahoo - Loading HomeController.js
[2015-02-27 16:55:56.098] [DEBUG] yahoo - Controller path: ./Website/Controllers/HomeController.js
[2015-02-27 16:55:56.099] [INFO] yahoo - Registering Controller: Home
[2015-02-27 16:55:56.099] [INFO] yahoo - Loading StrategiesController.js
[2015-02-27 16:55:56.100] [DEBUG] yahoo - Controller path: ./Website/Controllers/StrategiesController.js
[2015-02-27 16:55:56.101] [INFO] yahoo - Registering Controller: Strategies
[2015-02-27 16:55:56.101] [INFO] yahoo - Loading TickerListAddController.js
[2015-02-27 16:55:56.102] [DEBUG] yahoo - Controller path: ./Website/Controllers/TickerListAddController.js
[2015-02-27 16:55:56.103] [INFO] yahoo - Registering Controller: TickerListAdd
[2015-02-27 16:55:56.103] [INFO] yahoo - Loading TickerListController.js
[2015-02-27 16:55:56.103] [DEBUG] yahoo - Controller path: ./Website/Controllers/TickerListController.js
[2015-02-27 16:55:56.105] [INFO] yahoo - Registering Controller: TickerList
[2015-02-27 16:55:56.154] [INFO] yahoo - strategyDB Database exists.
[2015-02-27 16:55:56.156] [INFO] yahoo - tickerlist Database exists.
[2015-02-27 16:55:56.157] [INFO] yahoo - tickerlist Database exists.
[2015-02-27 16:55:56.170] [INFO] yahoo - tickerlist Database exists.
[2015-02-27 16:55:56.550] [DEBUG] yahoo - Request: /Strategies
[2015-02-27 16:55:56.551] [DEBUG] yahoo - BuildPath: C:\CodeTest\NodeTradeSim\Website\Views\StrategiesView
[2015-02-27 16:55:56.572] [DEBUG] yahoo - Request: /CSS/bootstrap.css
[2015-02-27 16:55:56.574] [DEBUG] yahoo - Request: /CSS/site.css
[2015-02-27 16:55:56.577] [DEBUG] yahoo - Request: /Scripts/require.js
[2015-02-27 16:55:56.651] [DEBUG] yahoo - Request: /favicon.ico
[2015-02-27 16:55:56.653] [DEBUG] yahoo - Request: /ViewScripts/StrategyManager.js
[2015-02-27 16:55:56.699] [DEBUG] yahoo - Request: /Scripts/RequireConfig.js
[2015-02-27 16:55:56.712] [DEBUG] yahoo - Request: /ViewModels/StrategiesViewModel.js
[2015-02-27 16:55:56.714] [DEBUG] yahoo - Request: /Scripts/jquery-1.10.2.js
[2015-02-27 16:55:56.719] [DEBUG] yahoo - Request: /Scripts/knockout.validation.js
[2015-02-27 16:55:56.720] [DEBUG] yahoo - Request: /ViewModels/Shared.js
[2015-02-27 16:55:56.746] [DEBUG] yahoo - Request: /Scripts/knockout-3.0.0.js
[2015-02-27 16:55:56.771] [DEBUG] yahoo - Request: /Data/Strategy
[2015-02-27 16:55:56.901] [INFO] yahoo - Logging all lists from cradle
 []
[2015-02-27 16:55:59.476] [DEBUG] yahoo - Request: /Strategies
[2015-02-27 16:55:59.477] [DEBUG] yahoo - BuildPath: C:\CodeTest\NodeTradeSim\Website\Views\StrategiesView
[2015-02-27 16:55:59.489] [DEBUG] yahoo - Request: /CSS/bootstrap.css
[2015-02-27 16:55:59.490] [DEBUG] yahoo - Request: /CSS/site.css
[2015-02-27 16:55:59.491] [DEBUG] yahoo - Request: /Scripts/require.js
[2015-02-27 16:55:59.516] [DEBUG] yahoo - Request: /ViewScripts/StrategyManager.js
[2015-02-27 16:55:59.571] [DEBUG] yahoo - Request: /favicon.ico
[2015-02-27 16:55:59.594] [DEBUG] yahoo - Request: /Scripts/RequireConfig.js
[2015-02-27 16:55:59.629] [DEBUG] yahoo - Request: /ViewModels/StrategiesViewModel.js
[2015-02-27 16:55:59.634] [DEBUG] yahoo - Request: /Scripts/jquery-1.10.2.js
[2015-02-27 16:55:59.636] [DEBUG] yahoo - Request: /Scripts/knockout.validation.js
[2015-02-27 16:55:59.637] [DEBUG] yahoo - Request: /ViewModels/Shared.js
[2015-02-27 16:55:59.669] [DEBUG] yahoo - Request: /Scripts/knockout-3.0.0.js
[2015-02-27 16:55:59.710] [DEBUG] yahoo - Request: /Data/Strategy
[2015-02-27 16:55:59.830] [INFO] yahoo - Logging all lists from cradle
 []
[2015-02-27 16:59:08.811] [INFO] yahoo - Starting NodeTradeSim...
[2015-02-27 16:59:08.815] [INFO] yahoo - Written by John Placais, (C) 2015 - More than All Rights Reserved.
[2015-02-27 16:59:08.870] [DEBUG] yahoo - Partials directory: C:\CodeTest\NodeTradeSim\Website\Partials
[2015-02-27 16:59:08.871] [DEBUG] yahoo - Views directory: C:\CodeTest\NodeTradeSim\Website\Views
[2015-02-27 16:59:08.871] [DEBUG] yahoo - look for controllers: C:\CodeTest\NodeTradeSim\Website\Controllers
[2015-02-27 16:59:08.872] [INFO] yahoo - Loading DataStrategyController.js
[2015-02-27 16:59:08.872] [DEBUG] yahoo - Controller path: ./Website/Controllers/DataStrategyController.js
[2015-02-27 16:59:08.881] [INFO] yahoo - Registering Controller: Data/Strategy
[2015-02-27 16:59:08.892] [INFO] yahoo - Loading DataTickerListController.js
[2015-02-27 16:59:08.892] [DEBUG] yahoo - Controller path: ./Website/Controllers/DataTickerListController.js
[2015-02-27 16:59:08.895] [INFO] yahoo - Registering Controller: Data/TickerList
[2015-02-27 16:59:08.895] [INFO] yahoo - Loading DataTickerLookupController.js
[2015-02-27 16:59:08.896] [DEBUG] yahoo - Controller path: ./Website/Controllers/DataTickerLookupController.js
[2015-02-27 16:59:09.062] [INFO] yahoo - Registering Controller: Data/TickerLookup
[2015-02-27 16:59:09.063] [INFO] yahoo - Loading DataTickerPriceController.js
[2015-02-27 16:59:09.063] [DEBUG] yahoo - Controller path: ./Website/Controllers/DataTickerPriceController.js
[2015-02-27 16:59:09.065] [INFO] yahoo - Registering Controller: Data/TickerPrice
[2015-02-27 16:59:09.065] [INFO] yahoo - Loading HomeController.js
[2015-02-27 16:59:09.065] [DEBUG] yahoo - Controller path: ./Website/Controllers/HomeController.js
[2015-02-27 16:59:09.067] [INFO] yahoo - Registering Controller: Home
[2015-02-27 16:59:09.067] [INFO] yahoo - Loading StrategiesController.js
[2015-02-27 16:59:09.067] [DEBUG] yahoo - Controller path: ./Website/Controllers/StrategiesController.js
[2015-02-27 16:59:09.068] [INFO] yahoo - Registering Controller: Strategies
[2015-02-27 16:59:09.069] [INFO] yahoo - Loading TickerListAddController.js
[2015-02-27 16:59:09.069] [DEBUG] yahoo - Controller path: ./Website/Controllers/TickerListAddController.js
[2015-02-27 16:59:09.070] [INFO] yahoo - Registering Controller: TickerListAdd
[2015-02-27 16:59:09.071] [INFO] yahoo - Loading TickerListController.js
[2015-02-27 16:59:09.071] [DEBUG] yahoo - Controller path: ./Website/Controllers/TickerListController.js
[2015-02-27 16:59:09.072] [INFO] yahoo - Registering Controller: TickerList
[2015-02-27 16:59:09.121] [INFO] yahoo - tickerlist Database exists.
[2015-02-27 16:59:09.124] [INFO] yahoo - tickerlist Database exists.
[2015-02-27 16:59:09.125] [INFO] yahoo - tickerlist Database exists.
[2015-02-27 16:59:09.152] [INFO] yahoo - strategyDB Database exists.
[2015-02-27 16:59:18.626] [DEBUG] yahoo - Request: /
[2015-02-27 16:59:18.627] [DEBUG] yahoo - BuildPath: C:\CodeTest\NodeTradeSim\Website\Views\HomeView
[2015-02-27 16:59:18.648] [DEBUG] yahoo - Request: /CSS/bootstrap.css
[2015-02-27 16:59:18.649] [DEBUG] yahoo - Request: /CSS/site.css
[2015-02-27 16:59:18.653] [DEBUG] yahoo - Request: /Scripts/require.js
[2015-02-27 16:59:18.673] [DEBUG] yahoo - Request: /ViewScripts/Home.js
[2015-02-27 16:59:18.774] [DEBUG] yahoo - Request: /Scripts/RequireConfig.js
[2015-02-27 16:59:18.791] [DEBUG] yahoo - Request: /Scripts/jquery-1.10.2.js
[2015-02-27 16:59:22.383] [DEBUG] yahoo - Request: /TickerList
[2015-02-27 16:59:22.383] [DEBUG] yahoo - BuildPath: C:\CodeTest\NodeTradeSim\Website\Views\TickerListView
[2015-02-27 16:59:22.398] [DEBUG] yahoo - Request: /CSS/bootstrap.css
[2015-02-27 16:59:22.399] [DEBUG] yahoo - Request: /CSS/site.css
[2015-02-27 16:59:22.400] [DEBUG] yahoo - Request: /Scripts/require.js
[2015-02-27 16:59:22.495] [DEBUG] yahoo - Request: /ViewScripts/TickerListManager.js
[2015-02-27 16:59:22.526] [DEBUG] yahoo - Request: /Scripts/RequireConfig.js
[2015-02-27 16:59:22.542] [DEBUG] yahoo - Request: /ViewModels/TickerListViewModel.js
[2015-02-27 16:59:22.547] [DEBUG] yahoo - Request: /Scripts/knockout.validation.js
[2015-02-27 16:59:22.548] [DEBUG] yahoo - Request: /ViewModels/Shared.js
[2015-02-27 16:59:22.549] [DEBUG] yahoo - Request: /Scripts/jquery-1.10.2.js
[2015-02-27 16:59:22.588] [DEBUG] yahoo - Request: /Scripts/knockout-3.0.0.js
[2015-02-27 16:59:22.609] [DEBUG] yahoo - Request: /Data/TickerList
[2015-02-27 16:59:22.758] [INFO] yahoo - Logging all lists from cradle
 [ { id: 'cheese',
    key: 'cheese',
    value: { rev: '3-24f1b555c976a1c2009c4d2e33c8eb75' } },
  { id: 'goog',
    key: 'goog',
    value: { rev: '1-6e15e54e224d9a315388e7658a16f186' } } ]
[2015-02-27 16:59:25.839] [DEBUG] yahoo - Request: /Strategies
[2015-02-27 16:59:25.839] [DEBUG] yahoo - BuildPath: C:\CodeTest\NodeTradeSim\Website\Views\StrategiesView
[2015-02-27 16:59:25.849] [DEBUG] yahoo - Request: /CSS/bootstrap.css
[2015-02-27 16:59:25.850] [DEBUG] yahoo - Request: /CSS/site.css
[2015-02-27 16:59:25.851] [DEBUG] yahoo - Request: /Scripts/require.js
[2015-02-27 16:59:25.930] [DEBUG] yahoo - Request: /ViewScripts/StrategyManager.js
[2015-02-27 16:59:25.953] [DEBUG] yahoo - Request: /Scripts/RequireConfig.js
[2015-02-27 16:59:25.995] [DEBUG] yahoo - Request: /ViewModels/StrategiesViewModel.js
[2015-02-27 16:59:26.000] [DEBUG] yahoo - Request: /Scripts/jquery-1.10.2.js
[2015-02-27 16:59:26.003] [DEBUG] yahoo - Request: /Scripts/knockout.validation.js
[2015-02-27 16:59:26.004] [DEBUG] yahoo - Request: /ViewModels/Shared.js
[2015-02-27 16:59:26.031] [DEBUG] yahoo - Request: /Scripts/knockout-3.0.0.js
[2015-02-27 16:59:26.058] [DEBUG] yahoo - Request: /Data/Strategy
[2015-02-27 16:59:26.179] [INFO] yahoo - Logging all lists from cradle
 []
[2015-02-27 16:59:31.639] [DEBUG] yahoo - Request: /TickerList
[2015-02-27 16:59:31.639] [DEBUG] yahoo - BuildPath: C:\CodeTest\NodeTradeSim\Website\Views\TickerListView
[2015-02-27 16:59:31.649] [DEBUG] yahoo - Request: /CSS/bootstrap.css
[2015-02-27 16:59:31.650] [DEBUG] yahoo - Request: /CSS/site.css
[2015-02-27 16:59:31.651] [DEBUG] yahoo - Request: /Scripts/require.js
[2015-02-27 16:59:31.680] [DEBUG] yahoo - Request: /ViewScripts/TickerListManager.js
[2015-02-27 16:59:31.767] [DEBUG] yahoo - Request: /Scripts/RequireConfig.js
[2015-02-27 16:59:31.776] [DEBUG] yahoo - Request: /ViewModels/TickerListViewModel.js
[2015-02-27 16:59:31.791] [DEBUG] yahoo - Request: /Scripts/jquery-1.10.2.js
[2015-02-27 16:59:31.793] [DEBUG] yahoo - Request: /Scripts/knockout.validation.js
[2015-02-27 16:59:31.794] [DEBUG] yahoo - Request: /ViewModels/Shared.js
[2015-02-27 16:59:31.838] [DEBUG] yahoo - Request: /Scripts/knockout-3.0.0.js
[2015-02-27 16:59:31.863] [DEBUG] yahoo - Request: /Data/TickerList
[2015-02-27 16:59:31.969] [INFO] yahoo - Logging all lists from cradle
 [ { id: 'cheese',
    key: 'cheese',
    value: { rev: '3-24f1b555c976a1c2009c4d2e33c8eb75' } },
  { id: 'goog',
    key: 'goog',
    value: { rev: '1-6e15e54e224d9a315388e7658a16f186' } } ]
[2015-02-27 17:00:48.945] [INFO] yahoo - Starting NodeTradeSim...
[2015-02-27 17:00:48.949] [INFO] yahoo - Written by John Placais, (C) 2015 - More than All Rights Reserved.
[2015-02-27 17:00:49.007] [DEBUG] yahoo - Partials directory: C:\CodeTest\NodeTradeSim\Website\Partials
[2015-02-27 17:00:49.008] [DEBUG] yahoo - Views directory: C:\CodeTest\NodeTradeSim\Website\Views
[2015-02-27 17:00:49.008] [DEBUG] yahoo - look for controllers: C:\CodeTest\NodeTradeSim\Website\Controllers
[2015-02-27 17:00:49.009] [INFO] yahoo - Loading DataStrategyController.js
[2015-02-27 17:00:49.009] [DEBUG] yahoo - Controller path: ./Website/Controllers/DataStrategyController.js
[2015-02-27 17:00:49.018] [INFO] yahoo - Registering Controller: Data/Strategy
[2015-02-27 17:00:49.018] [INFO] yahoo - Loading DataTickerListController.js
[2015-02-27 17:00:49.019] [DEBUG] yahoo - Controller path: ./Website/Controllers/DataTickerListController.js
[2015-02-27 17:00:49.021] [INFO] yahoo - Registering Controller: Data/TickerList
[2015-02-27 17:00:49.022] [INFO] yahoo - Loading DataTickerLookupController.js
[2015-02-27 17:00:49.022] [DEBUG] yahoo - Controller path: ./Website/Controllers/DataTickerLookupController.js
[2015-02-27 17:00:49.187] [INFO] yahoo - Registering Controller: Data/TickerLookup
[2015-02-27 17:00:49.187] [INFO] yahoo - Loading DataTickerPriceController.js
[2015-02-27 17:00:49.188] [DEBUG] yahoo - Controller path: ./Website/Controllers/DataTickerPriceController.js
[2015-02-27 17:00:49.189] [INFO] yahoo - Registering Controller: Data/TickerPrice
[2015-02-27 17:00:49.190] [INFO] yahoo - Loading HomeController.js
[2015-02-27 17:00:49.190] [DEBUG] yahoo - Controller path: ./Website/Controllers/HomeController.js
[2015-02-27 17:00:49.191] [INFO] yahoo - Registering Controller: Home
[2015-02-27 17:00:49.192] [INFO] yahoo - Loading StrategiesController.js
[2015-02-27 17:00:49.192] [DEBUG] yahoo - Controller path: ./Website/Controllers/StrategiesController.js
[2015-02-27 17:00:49.193] [INFO] yahoo - Registering Controller: Strategies
[2015-02-27 17:00:49.193] [INFO] yahoo - Loading TickerListAddController.js
[2015-02-27 17:00:49.194] [DEBUG] yahoo - Controller path: ./Website/Controllers/TickerListAddController.js
[2015-02-27 17:00:49.195] [INFO] yahoo - Registering Controller: TickerListAdd
[2015-02-27 17:00:49.195] [INFO] yahoo - Loading TickerListController.js
[2015-02-27 17:00:49.195] [DEBUG] yahoo - Controller path: ./Website/Controllers/TickerListController.js
[2015-02-27 17:00:49.196] [INFO] yahoo - Registering Controller: TickerList
[2015-02-27 17:00:49.246] [INFO] yahoo - tickerlist Database exists.
[2015-02-27 17:00:49.249] [INFO] yahoo - strategyDB Database exists.
[2015-02-27 17:00:49.250] [INFO] yahoo - tickerlist Database exists.
[2015-02-27 17:00:49.250] [INFO] yahoo - tickerlist Database exists.
[2015-02-27 17:00:50.341] [DEBUG] yahoo - Request: /TickerList
[2015-02-27 17:00:50.341] [DEBUG] yahoo - BuildPath: C:\CodeTest\NodeTradeSim\Website\Views\TickerListView
[2015-02-27 17:00:50.362] [DEBUG] yahoo - Request: /CSS/bootstrap.css
[2015-02-27 17:00:50.364] [DEBUG] yahoo - Request: /CSS/site.css
[2015-02-27 17:00:50.367] [DEBUG] yahoo - Request: /Scripts/require.js
[2015-02-27 17:00:50.446] [DEBUG] yahoo - Request: /favicon.ico
[2015-02-27 17:00:50.447] [DEBUG] yahoo - Request: /ViewScripts/TickerListManager.js
[2015-02-27 17:00:50.496] [DEBUG] yahoo - Request: /Scripts/RequireConfig.js
[2015-02-27 17:00:50.507] [DEBUG] yahoo - Request: /ViewModels/TickerListViewModel.js
[2015-02-27 17:00:50.509] [DEBUG] yahoo - Request: /Scripts/jquery-1.10.2.js
[2015-02-27 17:00:50.512] [DEBUG] yahoo - Request: /Scripts/knockout.validation.js
[2015-02-27 17:00:50.513] [DEBUG] yahoo - Request: /ViewModels/Shared.js
[2015-02-27 17:00:50.542] [DEBUG] yahoo - Request: /Scripts/knockout-3.0.0.js
[2015-02-27 17:00:50.587] [DEBUG] yahoo - Request: /Data/TickerList
[2015-02-27 17:00:50.718] [INFO] yahoo - Logging all lists from cradle
 [ { id: 'cheese',
    key: 'cheese',
    value: { rev: '3-24f1b555c976a1c2009c4d2e33c8eb75' } },
  { id: 'goog',
    key: 'goog',
    value: { rev: '1-6e15e54e224d9a315388e7658a16f186' } } ]
[2015-02-27 17:00:51.918] [DEBUG] yahoo - Request: /TickerList
[2015-02-27 17:00:51.918] [DEBUG] yahoo - BuildPath: C:\CodeTest\NodeTradeSim\Website\Views\TickerListView
[2015-02-27 17:00:51.930] [DEBUG] yahoo - Request: /CSS/bootstrap.css
[2015-02-27 17:00:51.930] [DEBUG] yahoo - Request: /CSS/site.css
[2015-02-27 17:00:51.931] [DEBUG] yahoo - Request: /Scripts/require.js
[2015-02-27 17:00:52.007] [DEBUG] yahoo - Request: /ViewScripts/TickerListManager.js
[2015-02-27 17:00:52.029] [DEBUG] yahoo - Request: /Scripts/RequireConfig.js
[2015-02-27 17:00:52.065] [DEBUG] yahoo - Request: /ViewModels/TickerListViewModel.js
[2015-02-27 17:00:52.070] [DEBUG] yahoo - Request: /Scripts/knockout.validation.js
[2015-02-27 17:00:52.070] [DEBUG] yahoo - Request: /ViewModels/Shared.js
[2015-02-27 17:00:52.072] [DEBUG] yahoo - Request: /Scripts/jquery-1.10.2.js
[2015-02-27 17:00:52.106] [DEBUG] yahoo - Request: /Scripts/knockout-3.0.0.js
[2015-02-27 17:00:52.129] [DEBUG] yahoo - Request: /Data/TickerList
[2015-02-27 17:00:52.237] [INFO] yahoo - Logging all lists from cradle
 [ { id: 'cheese',
    key: 'cheese',
    value: { rev: '3-24f1b555c976a1c2009c4d2e33c8eb75' } },
  { id: 'goog',
    key: 'goog',
    value: { rev: '1-6e15e54e224d9a315388e7658a16f186' } } ]
[2015-02-27 17:00:52.606] [DEBUG] yahoo - Request: /Strategies
[2015-02-27 17:00:52.606] [DEBUG] yahoo - BuildPath: C:\CodeTest\NodeTradeSim\Website\Views\StrategiesView
[2015-02-27 17:00:52.624] [DEBUG] yahoo - Request: /CSS/bootstrap.css
[2015-02-27 17:00:52.625] [DEBUG] yahoo - Request: /CSS/site.css
[2015-02-27 17:00:52.626] [DEBUG] yahoo - Request: /Scripts/require.js
[2015-02-27 17:00:52.708] [DEBUG] yahoo - Request: /ViewScripts/StrategyManager.js
[2015-02-27 17:00:52.733] [DEBUG] yahoo - Request: /Scripts/RequireConfig.js
[2015-02-27 17:00:52.767] [DEBUG] yahoo - Request: /ViewModels/StrategiesViewModel.js
[2015-02-27 17:00:52.772] [DEBUG] yahoo - Request: /Scripts/jquery-1.10.2.js
[2015-02-27 17:00:52.774] [DEBUG] yahoo - Request: /Scripts/knockout.validation.js
[2015-02-27 17:00:52.776] [DEBUG] yahoo - Request: /ViewModels/Shared.js
[2015-02-27 17:00:52.810] [DEBUG] yahoo - Request: /Scripts/knockout-3.0.0.js
[2015-02-27 17:00:52.847] [DEBUG] yahoo - Request: /Data/Strategy
[2015-02-27 17:00:52.956] [INFO] yahoo - Logging all lists from cradle
 []
[2015-02-27 17:00:57.990] [DEBUG] yahoo - Request: /TickerList
[2015-02-27 17:00:57.990] [DEBUG] yahoo - BuildPath: C:\CodeTest\NodeTradeSim\Website\Views\TickerListView
[2015-02-27 17:00:58.000] [DEBUG] yahoo - Request: /CSS/bootstrap.css
[2015-02-27 17:00:58.001] [DEBUG] yahoo - Request: /CSS/site.css
[2015-02-27 17:00:58.002] [DEBUG] yahoo - Request: /Scripts/require.js
[2015-02-27 17:00:58.026] [DEBUG] yahoo - Request: /ViewScripts/TickerListManager.js
[2015-02-27 17:00:58.110] [DEBUG] yahoo - Request: /Scripts/RequireConfig.js
[2015-02-27 17:00:58.143] [DEBUG] yahoo - Request: /ViewModels/TickerListViewModel.js
[2015-02-27 17:00:58.148] [DEBUG] yahoo - Request: /Scripts/knockout.validation.js
[2015-02-27 17:00:58.148] [DEBUG] yahoo - Request: /ViewModels/Shared.js
[2015-02-27 17:00:58.149] [DEBUG] yahoo - Request: /Scripts/jquery-1.10.2.js
[2015-02-27 17:00:58.182] [DEBUG] yahoo - Request: /Scripts/knockout-3.0.0.js
[2015-02-27 17:00:58.206] [DEBUG] yahoo - Request: /Data/TickerList
[2015-02-27 17:00:58.314] [INFO] yahoo - Logging all lists from cradle
 [ { id: 'cheese',
    key: 'cheese',
    value: { rev: '3-24f1b555c976a1c2009c4d2e33c8eb75' } },
  { id: 'goog',
    key: 'goog',
    value: { rev: '1-6e15e54e224d9a315388e7658a16f186' } } ]
[2015-02-27 17:01:02.350] [DEBUG] yahoo - Request: /Strategies
[2015-02-27 17:01:02.351] [DEBUG] yahoo - BuildPath: C:\CodeTest\NodeTradeSim\Website\Views\StrategiesView
[2015-02-27 17:01:02.364] [DEBUG] yahoo - Request: /CSS/bootstrap.css
[2015-02-27 17:01:02.365] [DEBUG] yahoo - Request: /CSS/site.css
[2015-02-27 17:01:02.366] [DEBUG] yahoo - Request: /Scripts/require.js
[2015-02-27 17:01:02.459] [DEBUG] yahoo - Request: /ViewScripts/StrategyManager.js
[2015-02-27 17:01:02.492] [DEBUG] yahoo - Request: /Scripts/RequireConfig.js
[2015-02-27 17:01:02.504] [DEBUG] yahoo - Request: /ViewModels/StrategiesViewModel.js
[2015-02-27 17:01:02.508] [DEBUG] yahoo - Request: /Scripts/knockout.validation.js
[2015-02-27 17:01:02.509] [DEBUG] yahoo - Request: /ViewModels/Shared.js
[2015-02-27 17:01:02.510] [DEBUG] yahoo - Request: /Scripts/jquery-1.10.2.js
[2015-02-27 17:01:02.552] [DEBUG] yahoo - Request: /Scripts/knockout-3.0.0.js
[2015-02-27 17:01:02.576] [DEBUG] yahoo - Request: /Data/Strategy
[2015-02-27 17:01:02.686] [INFO] yahoo - Logging all lists from cradle
 []
[2015-02-27 17:01:05.242] [DEBUG] yahoo - Request: /
[2015-02-27 17:01:05.242] [DEBUG] yahoo - BuildPath: C:\CodeTest\NodeTradeSim\Website\Views\HomeView
[2015-02-27 17:01:05.253] [DEBUG] yahoo - Request: /CSS/bootstrap.css
[2015-02-27 17:01:05.253] [DEBUG] yahoo - Request: /CSS/site.css
[2015-02-27 17:01:05.255] [DEBUG] yahoo - Request: /Scripts/require.js
[2015-02-27 17:01:05.327] [DEBUG] yahoo - Request: /ViewScripts/Home.js
[2015-02-27 17:01:05.354] [DEBUG] yahoo - Request: /Scripts/RequireConfig.js
[2015-02-27 17:01:05.403] [DEBUG] yahoo - Request: /Scripts/jquery-1.10.2.js
